{"C:\\LocalWork\\Prj\\Q-Deck\\q-deck-launcher\\src\\App.css": {"path":"C:\\LocalWork\\Prj\\Q-Deck\\q-deck-launcher\\src\\App.css","statementMap":{},"fnMap":{},"branchMap":{},"s":{},"f":{},"b":{},"meta":{"lastBranch":0,"lastFunction":0,"lastStatement":0,"seen":{}}}
,"C:\\LocalWork\\Prj\\Q-Deck\\q-deck-launcher\\src\\App.tsx": {"path":"C:\\LocalWork\\Prj\\Q-Deck\\q-deck-launcher\\src\\App.tsx","statementMap":{"0":{"start":{"line":9,"column":26},"end":{"line":9,"column":null}},"1":{"start":{"line":10,"column":32},"end":{"line":10,"column":null}},"2":{"start":{"line":11,"column":24},"end":{"line":11,"column":null}},"3":{"start":{"line":12,"column":28},"end":{"line":12,"column":null}},"4":{"start":{"line":13,"column":32},"end":{"line":13,"column":null}},"5":{"start":{"line":14,"column":38},"end":{"line":14,"column":null}},"6":{"start":{"line":15,"column":40},"end":{"line":15,"column":null}},"7":{"start":{"line":17,"column":2},"end":{"line":35,"column":null}},"8":{"start":{"line":20,"column":22},"end":{"line":22,"column":null}},"9":{"start":{"line":23,"column":4},"end":{"line":23,"column":null}},"10":{"start":{"line":25,"column":4},"end":{"line":29,"column":null}},"11":{"start":{"line":31,"column":4},"end":{"line":31,"column":null}},"12":{"start":{"line":32,"column":4},"end":{"line":34,"column":null}},"13":{"start":{"line":33,"column":6},"end":{"line":33,"column":null}},"14":{"start":{"line":37,"column":21},"end":{"line":49,"column":null}},"15":{"start":{"line":38,"column":4},"end":{"line":48,"column":null}},"16":{"start":{"line":39,"column":6},"end":{"line":39,"column":null}},"17":{"start":{"line":40,"column":27},"end":{"line":40,"column":null}},"18":{"start":{"line":41,"column":6},"end":{"line":41,"column":null}},"19":{"start":{"line":42,"column":6},"end":{"line":42,"column":null}},"20":{"start":{"line":44,"column":6},"end":{"line":44,"column":null}},"21":{"start":{"line":45,"column":6},"end":{"line":45,"column":null}},"22":{"start":{"line":47,"column":6},"end":{"line":47,"column":null}},"23":{"start":{"line":51,"column":22},"end":{"line":58,"column":null}},"24":{"start":{"line":52,"column":4},"end":{"line":57,"column":null}},"25":{"start":{"line":53,"column":32},"end":{"line":53,"column":null}},"26":{"start":{"line":54,"column":6},"end":{"line":54,"column":null}},"27":{"start":{"line":56,"column":6},"end":{"line":56,"column":null}},"28":{"start":{"line":60,"column":28},"end":{"line":66,"column":null}},"29":{"start":{"line":61,"column":4},"end":{"line":65,"column":null}},"30":{"start":{"line":62,"column":6},"end":{"line":62,"column":null}},"31":{"start":{"line":64,"column":6},"end":{"line":64,"column":null}},"32":{"start":{"line":68,"column":28},"end":{"line":74,"column":null}},"33":{"start":{"line":69,"column":4},"end":{"line":73,"column":null}},"34":{"start":{"line":70,"column":6},"end":{"line":70,"column":null}},"35":{"start":{"line":72,"column":6},"end":{"line":72,"column":null}},"36":{"start":{"line":76,"column":31},"end":{"line":88,"column":null}},"37":{"start":{"line":77,"column":4},"end":{"line":77,"column":null}},"38":{"start":{"line":77,"column":27},"end":{"line":77,"column":null}},"39":{"start":{"line":79,"column":4},"end":{"line":87,"column":null}},"40":{"start":{"line":80,"column":17},"end":{"line":80,"column":null}},"41":{"start":{"line":81,"column":6},"end":{"line":81,"column":null}},"42":{"start":{"line":82,"column":6},"end":{"line":82,"column":null}},"43":{"start":{"line":83,"column":6},"end":{"line":83,"column":null}},"44":{"start":{"line":85,"column":6},"end":{"line":85,"column":null}},"45":{"start":{"line":86,"column":6},"end":{"line":86,"column":null}},"46":{"start":{"line":90,"column":33},"end":{"line":99,"column":null}},"47":{"start":{"line":91,"column":4},"end":{"line":98,"column":null}},"48":{"start":{"line":92,"column":6},"end":{"line":92,"column":null}},"49":{"start":{"line":93,"column":6},"end":{"line":93,"column":null}},"50":{"start":{"line":94,"column":6},"end":{"line":94,"column":null}},"51":{"start":{"line":96,"column":6},"end":{"line":96,"column":null}},"52":{"start":{"line":97,"column":6},"end":{"line":97,"column":null}},"53":{"start":{"line":101,"column":40},"end":{"line":110,"column":null}},"54":{"start":{"line":102,"column":4},"end":{"line":102,"column":null}},"55":{"start":{"line":102,"column":27},"end":{"line":102,"column":null}},"56":{"start":{"line":104,"column":4},"end":{"line":109,"column":null}},"57":{"start":{"line":105,"column":24},"end":{"line":105,"column":null}},"58":{"start":{"line":106,"column":6},"end":{"line":106,"column":null}},"59":{"start":{"line":108,"column":6},"end":{"line":108,"column":null}},"60":{"start":{"line":112,"column":31},"end":{"line":144,"column":null}},"61":{"start":{"line":114,"column":22},"end":{"line":114,"column":null}},"62":{"start":{"line":115,"column":4},"end":{"line":115,"column":null}},"63":{"start":{"line":115,"column":35},"end":{"line":115,"column":null}},"64":{"start":{"line":116,"column":4},"end":{"line":116,"column":null}},"65":{"start":{"line":116,"column":35},"end":{"line":116,"column":null}},"66":{"start":{"line":117,"column":4},"end":{"line":117,"column":null}},"67":{"start":{"line":117,"column":35},"end":{"line":117,"column":null}},"68":{"start":{"line":118,"column":4},"end":{"line":118,"column":null}},"69":{"start":{"line":118,"column":35},"end":{"line":118,"column":null}},"70":{"start":{"line":121,"column":18},"end":{"line":121,"column":null}},"71":{"start":{"line":122,"column":4},"end":{"line":141,"column":null}},"72":{"start":{"line":124,"column":6},"end":{"line":124,"column":null}},"73":{"start":{"line":125,"column":4},"end":{"line":141,"column":null}},"74":{"start":{"line":127,"column":6},"end":{"line":127,"column":null}},"75":{"start":{"line":128,"column":4},"end":{"line":141,"column":null}},"76":{"start":{"line":130,"column":6},"end":{"line":130,"column":null}},"77":{"start":{"line":133,"column":6},"end":{"line":140,"column":null}},"78":{"start":{"line":134,"column":19},"end":{"line":134,"column":39}},"79":{"start":{"line":134,"column":39},"end":{"line":134,"column":null}},"80":{"start":{"line":135,"column":19},"end":{"line":135,"column":38}},"81":{"start":{"line":135,"column":38},"end":{"line":135,"column":null}},"82":{"start":{"line":136,"column":19},"end":{"line":136,"column":38}},"83":{"start":{"line":136,"column":38},"end":{"line":136,"column":null}},"84":{"start":{"line":137,"column":19},"end":{"line":137,"column":36}},"85":{"start":{"line":137,"column":36},"end":{"line":137,"column":null}},"86":{"start":{"line":138,"column":19},"end":{"line":138,"column":34}},"87":{"start":{"line":138,"column":34},"end":{"line":138,"column":null}},"88":{"start":{"line":139,"column":17},"end":{"line":139,"column":null}},"89":{"start":{"line":143,"column":4},"end":{"line":143,"column":null}},"90":{"start":{"line":146,"column":31},"end":{"line":155,"column":null}},"91":{"start":{"line":147,"column":4},"end":{"line":147,"column":null}},"92":{"start":{"line":147,"column":35},"end":{"line":147,"column":null}},"93":{"start":{"line":148,"column":4},"end":{"line":148,"column":null}},"94":{"start":{"line":148,"column":35},"end":{"line":148,"column":null}},"95":{"start":{"line":149,"column":4},"end":{"line":149,"column":null}},"96":{"start":{"line":149,"column":37},"end":{"line":149,"column":null}},"97":{"start":{"line":150,"column":4},"end":{"line":153,"column":null}},"98":{"start":{"line":151,"column":26},"end":{"line":151,"column":null}},"99":{"start":{"line":152,"column":6},"end":{"line":152,"column":null}},"100":{"start":{"line":154,"column":4},"end":{"line":154,"column":null}},"101":{"start":{"line":157,"column":30},"end":{"line":163,"column":null}},"102":{"start":{"line":158,"column":4},"end":{"line":162,"column":null}},"103":{"start":{"line":159,"column":6},"end":{"line":159,"column":null}},"104":{"start":{"line":161,"column":6},"end":{"line":161,"column":null}},"105":{"start":{"line":166,"column":2},"end":{"line":172,"column":null}},"106":{"start":{"line":167,"column":4},"end":{"line":170,"column":null}},"107":{"start":{"line":174,"column":2},"end":{"line":180,"column":null}},"108":{"start":{"line":175,"column":4},"end":{"line":178,"column":null}},"109":{"start":{"line":182,"column":2},"end":{"line":192,"column":null}},"110":{"start":{"line":183,"column":4},"end":{"line":190,"column":null}},"111":{"start":{"line":194,"column":2},"end":{"line":292,"column":null}},"112":{"start":{"line":226,"column":18},"end":{"line":228,"column":null}},"113":{"start":{"line":243,"column":29},"end":{"line":243,"column":null}},"114":{"start":{"line":249,"column":29},"end":{"line":249,"column":null}},"115":{"start":{"line":267,"column":16},"end":{"line":283,"column":null}},"116":{"start":{"line":277,"column":35},"end":{"line":277,"column":null}}},"fnMap":{"0":{"name":"App","decl":{"start":{"line":8,"column":9},"end":{"line":8,"column":15}},"loc":{"start":{"line":8,"column":15},"end":{"line":294,"column":null}},"line":8},"1":{"name":"(anonymous_1)","decl":{"start":{"line":17,"column":12},"end":{"line":17,"column":18}},"loc":{"start":{"line":17,"column":18},"end":{"line":35,"column":5}},"line":17},"2":{"name":"(anonymous_2)","decl":{"start":{"line":37,"column":21},"end":{"line":37,"column":33}},"loc":{"start":{"line":37,"column":33},"end":{"line":49,"column":null}},"line":37},"3":{"name":"(anonymous_3)","decl":{"start":{"line":51,"column":22},"end":{"line":51,"column":34}},"loc":{"start":{"line":51,"column":34},"end":{"line":58,"column":null}},"line":51},"4":{"name":"(anonymous_4)","decl":{"start":{"line":60,"column":28},"end":{"line":60,"column":40}},"loc":{"start":{"line":60,"column":40},"end":{"line":66,"column":null}},"line":60},"5":{"name":"(anonymous_5)","decl":{"start":{"line":68,"column":28},"end":{"line":68,"column":40}},"loc":{"start":{"line":68,"column":40},"end":{"line":74,"column":null}},"line":68},"6":{"name":"(anonymous_6)","decl":{"start":{"line":76,"column":31},"end":{"line":76,"column":43}},"loc":{"start":{"line":76,"column":43},"end":{"line":88,"column":null}},"line":76},"7":{"name":"(anonymous_7)","decl":{"start":{"line":90,"column":33},"end":{"line":90,"column":40}},"loc":{"start":{"line":90,"column":55},"end":{"line":99,"column":null}},"line":90},"8":{"name":"(anonymous_8)","decl":{"start":{"line":101,"column":40},"end":{"line":101,"column":52}},"loc":{"start":{"line":101,"column":52},"end":{"line":110,"column":null}},"line":101},"9":{"name":"(anonymous_9)","decl":{"start":{"line":112,"column":31},"end":{"line":112,"column":32}},"loc":{"start":{"line":112,"column":57},"end":{"line":144,"column":null}},"line":112},"10":{"name":"(anonymous_10)","decl":{"start":{"line":146,"column":31},"end":{"line":146,"column":32}},"loc":{"start":{"line":146,"column":51},"end":{"line":155,"column":null}},"line":146},"11":{"name":"(anonymous_11)","decl":{"start":{"line":157,"column":30},"end":{"line":157,"column":42}},"loc":{"start":{"line":157,"column":42},"end":{"line":163,"column":null}},"line":157},"12":{"name":"(anonymous_12)","decl":{"start":{"line":225,"column":46},"end":{"line":225,"column":47}},"loc":{"start":{"line":226,"column":18},"end":{"line":228,"column":null}},"line":226},"13":{"name":"(anonymous_13)","decl":{"start":{"line":243,"column":22},"end":{"line":243,"column":23}},"loc":{"start":{"line":243,"column":29},"end":{"line":243,"column":null}},"line":243},"14":{"name":"(anonymous_14)","decl":{"start":{"line":249,"column":22},"end":{"line":249,"column":23}},"loc":{"start":{"line":249,"column":29},"end":{"line":249,"column":null}},"line":249},"15":{"name":"(anonymous_15)","decl":{"start":{"line":266,"column":27},"end":{"line":266,"column":28}},"loc":{"start":{"line":267,"column":16},"end":{"line":283,"column":null}},"line":267},"16":{"name":"(anonymous_16)","decl":{"start":{"line":277,"column":29},"end":{"line":277,"column":35}},"loc":{"start":{"line":277,"column":35},"end":{"line":277,"column":null}},"line":277}},"branchMap":{"0":{"loc":{"start":{"line":20,"column":22},"end":{"line":22,"column":null}},"type":"binary-expr","locations":[{"start":{"line":20,"column":22},"end":{"line":20,"column":null}},{"start":{"line":21,"column":22},"end":{"line":21,"column":null}},{"start":{"line":22,"column":22},"end":{"line":22,"column":null}}],"line":20},"1":{"loc":{"start":{"line":32,"column":4},"end":{"line":34,"column":null}},"type":"if","locations":[{"start":{"line":32,"column":4},"end":{"line":34,"column":null}},{"start":{},"end":{}}],"line":32},"2":{"loc":{"start":{"line":77,"column":4},"end":{"line":77,"column":null}},"type":"if","locations":[{"start":{"line":77,"column":4},"end":{"line":77,"column":null}},{"start":{},"end":{}}],"line":77},"3":{"loc":{"start":{"line":102,"column":4},"end":{"line":102,"column":null}},"type":"if","locations":[{"start":{"line":102,"column":4},"end":{"line":102,"column":null}},{"start":{},"end":{}}],"line":102},"4":{"loc":{"start":{"line":106,"column":40},"end":{"line":106,"column":81}},"type":"cond-expr","locations":[{"start":{"line":106,"column":52},"end":{"line":106,"column":66}},{"start":{"line":106,"column":66},"end":{"line":106,"column":81}}],"line":106},"5":{"loc":{"start":{"line":115,"column":4},"end":{"line":115,"column":null}},"type":"if","locations":[{"start":{"line":115,"column":4},"end":{"line":115,"column":null}},{"start":{},"end":{}}],"line":115},"6":{"loc":{"start":{"line":116,"column":4},"end":{"line":116,"column":null}},"type":"if","locations":[{"start":{"line":116,"column":4},"end":{"line":116,"column":null}},{"start":{},"end":{}}],"line":116},"7":{"loc":{"start":{"line":117,"column":4},"end":{"line":117,"column":null}},"type":"if","locations":[{"start":{"line":117,"column":4},"end":{"line":117,"column":null}},{"start":{},"end":{}}],"line":117},"8":{"loc":{"start":{"line":118,"column":4},"end":{"line":118,"column":null}},"type":"if","locations":[{"start":{"line":118,"column":4},"end":{"line":118,"column":null}},{"start":{},"end":{}}],"line":118},"9":{"loc":{"start":{"line":122,"column":4},"end":{"line":141,"column":null}},"type":"if","locations":[{"start":{"line":122,"column":4},"end":{"line":141,"column":null}},{"start":{"line":125,"column":4},"end":{"line":141,"column":null}}],"line":122},"10":{"loc":{"start":{"line":122,"column":8},"end":{"line":122,"column":58}},"type":"binary-expr","locations":[{"start":{"line":122,"column":8},"end":{"line":122,"column":34}},{"start":{"line":122,"column":34},"end":{"line":122,"column":58}}],"line":122},"11":{"loc":{"start":{"line":125,"column":4},"end":{"line":141,"column":null}},"type":"if","locations":[{"start":{"line":125,"column":4},"end":{"line":141,"column":null}},{"start":{"line":128,"column":4},"end":{"line":141,"column":null}}],"line":125},"12":{"loc":{"start":{"line":125,"column":15},"end":{"line":125,"column":65}},"type":"binary-expr","locations":[{"start":{"line":125,"column":15},"end":{"line":125,"column":41}},{"start":{"line":125,"column":41},"end":{"line":125,"column":65}}],"line":125},"13":{"loc":{"start":{"line":128,"column":4},"end":{"line":141,"column":null}},"type":"if","locations":[{"start":{"line":128,"column":4},"end":{"line":141,"column":null}},{"start":{"line":131,"column":11},"end":{"line":141,"column":null}}],"line":128},"14":{"loc":{"start":{"line":128,"column":15},"end":{"line":128,"column":65}},"type":"binary-expr","locations":[{"start":{"line":128,"column":15},"end":{"line":128,"column":41}},{"start":{"line":128,"column":41},"end":{"line":128,"column":65}}],"line":128},"15":{"loc":{"start":{"line":133,"column":6},"end":{"line":140,"column":null}},"type":"switch","locations":[{"start":{"line":134,"column":8},"end":{"line":134,"column":null}},{"start":{"line":135,"column":8},"end":{"line":135,"column":null}},{"start":{"line":136,"column":8},"end":{"line":136,"column":null}},{"start":{"line":137,"column":8},"end":{"line":137,"column":null}},{"start":{"line":138,"column":8},"end":{"line":138,"column":null}},{"start":{"line":139,"column":8},"end":{"line":139,"column":null}}],"line":133},"16":{"loc":{"start":{"line":143,"column":11},"end":{"line":143,"column":null}},"type":"cond-expr","locations":[{"start":{"line":143,"column":34},"end":{"line":143,"column":72}},{"start":{"line":143,"column":72},"end":{"line":143,"column":null}}],"line":143},"17":{"loc":{"start":{"line":147,"column":4},"end":{"line":147,"column":null}},"type":"if","locations":[{"start":{"line":147,"column":4},"end":{"line":147,"column":null}},{"start":{},"end":{}}],"line":147},"18":{"loc":{"start":{"line":148,"column":4},"end":{"line":148,"column":null}},"type":"if","locations":[{"start":{"line":148,"column":4},"end":{"line":148,"column":null}},{"start":{},"end":{}}],"line":148},"19":{"loc":{"start":{"line":149,"column":4},"end":{"line":149,"column":null}},"type":"if","locations":[{"start":{"line":149,"column":4},"end":{"line":149,"column":null}},{"start":{},"end":{}}],"line":149},"20":{"loc":{"start":{"line":150,"column":4},"end":{"line":153,"column":null}},"type":"if","locations":[{"start":{"line":150,"column":4},"end":{"line":153,"column":null}},{"start":{},"end":{}}],"line":150},"21":{"loc":{"start":{"line":166,"column":2},"end":{"line":172,"column":null}},"type":"if","locations":[{"start":{"line":166,"column":2},"end":{"line":172,"column":null}},{"start":{},"end":{}}],"line":166},"22":{"loc":{"start":{"line":174,"column":2},"end":{"line":180,"column":null}},"type":"if","locations":[{"start":{"line":174,"column":2},"end":{"line":180,"column":null}},{"start":{},"end":{}}],"line":174},"23":{"loc":{"start":{"line":182,"column":2},"end":{"line":192,"column":null}},"type":"if","locations":[{"start":{"line":182,"column":2},"end":{"line":192,"column":null}},{"start":{},"end":{}}],"line":182},"24":{"loc":{"start":{"line":206,"column":7},"end":{"line":233,"column":null}},"type":"binary-expr","locations":[{"start":{"line":206,"column":7},"end":{"line":206,"column":null}},{"start":{"line":207,"column":8},"end":{"line":233,"column":null}}],"line":206},"25":{"loc":{"start":{"line":262,"column":11},"end":{"line":285,"column":null}},"type":"cond-expr","locations":[{"start":{"line":263,"column":12},"end":{"line":263,"column":null}},{"start":{"line":265,"column":12},"end":{"line":285,"column":null}}],"line":262}},"s":{"0":4,"1":4,"2":4,"3":4,"4":4,"5":4,"6":4,"7":4,"8":2,"9":2,"10":2,"11":2,"12":2,"13":2,"14":4,"15":2,"16":2,"17":2,"18":2,"19":2,"20":0,"21":0,"22":2,"23":4,"24":2,"25":2,"26":2,"27":0,"28":4,"29":0,"30":0,"31":0,"32":4,"33":0,"34":0,"35":0,"36":4,"37":0,"38":0,"39":0,"40":0,"41":0,"42":0,"43":0,"44":0,"45":0,"46":4,"47":0,"48":0,"49":0,"50":0,"51":0,"52":0,"53":4,"54":0,"55":0,"56":0,"57":0,"58":0,"59":0,"60":4,"61":0,"62":0,"63":0,"64":0,"65":0,"66":0,"67":0,"68":0,"69":0,"70":0,"71":0,"72":0,"73":0,"74":0,"75":0,"76":0,"77":0,"78":0,"79":0,"80":0,"81":0,"82":0,"83":0,"84":0,"85":0,"86":0,"87":0,"88":0,"89":0,"90":4,"91":0,"92":0,"93":0,"94":0,"95":0,"96":0,"97":0,"98":0,"99":0,"100":0,"101":4,"102":0,"103":0,"104":0,"105":4,"106":0,"107":4,"108":2,"109":2,"110":0,"111":2,"112":2,"113":0,"114":0,"115":0,"116":0},"f":{"0":4,"1":2,"2":2,"3":2,"4":0,"5":0,"6":0,"7":0,"8":0,"9":0,"10":0,"11":0,"12":2,"13":0,"14":0,"15":0,"16":0},"b":{"0":[2,2,2],"1":[2,0],"2":[0,0],"3":[0,0],"4":[0,0],"5":[0,0],"6":[0,0],"7":[0,0],"8":[0,0],"9":[0,0],"10":[0,0],"11":[0,0],"12":[0,0],"13":[0,0],"14":[0,0],"15":[0,0,0,0,0,0],"16":[0,0],"17":[0,0],"18":[0,0],"19":[0,0],"20":[0,0],"21":[0,4],"22":[2,2],"23":[0,2],"24":[2,2],"25":[2,0]},"meta":{"lastBranch":26,"lastFunction":17,"lastStatement":117,"seen":{"f:8:9:8:15":0,"s:9:26:9:Infinity":0,"s:10:32:10:Infinity":1,"s:11:24:11:Infinity":2,"s:12:28:12:Infinity":3,"s:13:32:13:Infinity":4,"s:14:38:14:Infinity":5,"s:15:40:15:Infinity":6,"s:17:2:35:Infinity":7,"f:17:12:17:18":1,"s:20:22:22:Infinity":8,"b:20:22:20:Infinity:21:22:21:Infinity:22:22:22:Infinity":0,"s:23:4:23:Infinity":9,"s:25:4:29:Infinity":10,"s:31:4:31:Infinity":11,"b:32:4:34:Infinity:undefined:undefined:undefined:undefined":1,"s:32:4:34:Infinity":12,"s:33:6:33:Infinity":13,"s:37:21:49:Infinity":14,"f:37:21:37:33":2,"s:38:4:48:Infinity":15,"s:39:6:39:Infinity":16,"s:40:27:40:Infinity":17,"s:41:6:41:Infinity":18,"s:42:6:42:Infinity":19,"s:44:6:44:Infinity":20,"s:45:6:45:Infinity":21,"s:47:6:47:Infinity":22,"s:51:22:58:Infinity":23,"f:51:22:51:34":3,"s:52:4:57:Infinity":24,"s:53:32:53:Infinity":25,"s:54:6:54:Infinity":26,"s:56:6:56:Infinity":27,"s:60:28:66:Infinity":28,"f:60:28:60:40":4,"s:61:4:65:Infinity":29,"s:62:6:62:Infinity":30,"s:64:6:64:Infinity":31,"s:68:28:74:Infinity":32,"f:68:28:68:40":5,"s:69:4:73:Infinity":33,"s:70:6:70:Infinity":34,"s:72:6:72:Infinity":35,"s:76:31:88:Infinity":36,"f:76:31:76:43":6,"b:77:4:77:Infinity:undefined:undefined:undefined:undefined":2,"s:77:4:77:Infinity":37,"s:77:27:77:Infinity":38,"s:79:4:87:Infinity":39,"s:80:17:80:Infinity":40,"s:81:6:81:Infinity":41,"s:82:6:82:Infinity":42,"s:83:6:83:Infinity":43,"s:85:6:85:Infinity":44,"s:86:6:86:Infinity":45,"s:90:33:99:Infinity":46,"f:90:33:90:40":7,"s:91:4:98:Infinity":47,"s:92:6:92:Infinity":48,"s:93:6:93:Infinity":49,"s:94:6:94:Infinity":50,"s:96:6:96:Infinity":51,"s:97:6:97:Infinity":52,"s:101:40:110:Infinity":53,"f:101:40:101:52":8,"b:102:4:102:Infinity:undefined:undefined:undefined:undefined":3,"s:102:4:102:Infinity":54,"s:102:27:102:Infinity":55,"s:104:4:109:Infinity":56,"s:105:24:105:Infinity":57,"s:106:6:106:Infinity":58,"b:106:52:106:66:106:66:106:81":4,"s:108:6:108:Infinity":59,"s:112:31:144:Infinity":60,"f:112:31:112:32":9,"s:114:22:114:Infinity":61,"b:115:4:115:Infinity:undefined:undefined:undefined:undefined":5,"s:115:4:115:Infinity":62,"s:115:35:115:Infinity":63,"b:116:4:116:Infinity:undefined:undefined:undefined:undefined":6,"s:116:4:116:Infinity":64,"s:116:35:116:Infinity":65,"b:117:4:117:Infinity:undefined:undefined:undefined:undefined":7,"s:117:4:117:Infinity":66,"s:117:35:117:Infinity":67,"b:118:4:118:Infinity:undefined:undefined:undefined:undefined":8,"s:118:4:118:Infinity":68,"s:118:35:118:Infinity":69,"s:121:18:121:Infinity":70,"b:122:4:141:Infinity:125:4:141:Infinity":9,"s:122:4:141:Infinity":71,"b:122:8:122:34:122:34:122:58":10,"s:124:6:124:Infinity":72,"b:125:4:141:Infinity:128:4:141:Infinity":11,"s:125:4:141:Infinity":73,"b:125:15:125:41:125:41:125:65":12,"s:127:6:127:Infinity":74,"b:128:4:141:Infinity:131:11:141:Infinity":13,"s:128:4:141:Infinity":75,"b:128:15:128:41:128:41:128:65":14,"s:130:6:130:Infinity":76,"b:134:8:134:Infinity:135:8:135:Infinity:136:8:136:Infinity:137:8:137:Infinity:138:8:138:Infinity:139:8:139:Infinity":15,"s:133:6:140:Infinity":77,"s:134:19:134:39":78,"s:134:39:134:Infinity":79,"s:135:19:135:38":80,"s:135:38:135:Infinity":81,"s:136:19:136:38":82,"s:136:38:136:Infinity":83,"s:137:19:137:36":84,"s:137:36:137:Infinity":85,"s:138:19:138:34":86,"s:138:34:138:Infinity":87,"s:139:17:139:Infinity":88,"s:143:4:143:Infinity":89,"b:143:34:143:72:143:72:143:Infinity":16,"s:146:31:155:Infinity":90,"f:146:31:146:32":10,"b:147:4:147:Infinity:undefined:undefined:undefined:undefined":17,"s:147:4:147:Infinity":91,"s:147:35:147:Infinity":92,"b:148:4:148:Infinity:undefined:undefined:undefined:undefined":18,"s:148:4:148:Infinity":93,"s:148:35:148:Infinity":94,"b:149:4:149:Infinity:undefined:undefined:undefined:undefined":19,"s:149:4:149:Infinity":95,"s:149:37:149:Infinity":96,"b:150:4:153:Infinity:undefined:undefined:undefined:undefined":20,"s:150:4:153:Infinity":97,"s:151:26:151:Infinity":98,"s:152:6:152:Infinity":99,"s:154:4:154:Infinity":100,"s:157:30:163:Infinity":101,"f:157:30:157:42":11,"s:158:4:162:Infinity":102,"s:159:6:159:Infinity":103,"s:161:6:161:Infinity":104,"b:166:2:172:Infinity:undefined:undefined:undefined:undefined":21,"s:166:2:172:Infinity":105,"s:167:4:170:Infinity":106,"b:174:2:180:Infinity:undefined:undefined:undefined:undefined":22,"s:174:2:180:Infinity":107,"s:175:4:178:Infinity":108,"b:182:2:192:Infinity:undefined:undefined:undefined:undefined":23,"s:182:2:192:Infinity":109,"s:183:4:190:Infinity":110,"s:194:2:292:Infinity":111,"b:206:7:206:Infinity:207:8:233:Infinity":24,"f:225:46:225:47":12,"s:226:18:228:Infinity":112,"f:243:22:243:23":13,"s:243:29:243:Infinity":113,"f:249:22:249:23":14,"s:249:29:249:Infinity":114,"b:263:12:263:Infinity:265:12:285:Infinity":25,"f:266:27:266:28":15,"s:267:16:283:Infinity":115,"f:277:29:277:35":16,"s:277:35:277:Infinity":116}}}
,"C:\\LocalWork\\Prj\\Q-Deck\\q-deck-launcher\\src\\components\\ActionButton.css": {"path":"C:\\LocalWork\\Prj\\Q-Deck\\q-deck-launcher\\src\\components\\ActionButton.css","statementMap":{},"fnMap":{},"branchMap":{},"s":{},"f":{},"b":{},"meta":{"lastBranch":0,"lastFunction":0,"lastStatement":0,"seen":{}}}
,"C:\\LocalWork\\Prj\\Q-Deck\\q-deck-launcher\\src\\components\\ActionButton.tsx": {"path":"C:\\LocalWork\\Prj\\Q-Deck\\q-deck-launcher\\src\\components\\ActionButton.tsx","statementMap":{"0":{"start":{"line":20,"column":57},"end":{"line":533,"column":null}},"1":{"start":{"line":21,"column":40},"end":{"line":21,"column":null}},"2":{"start":{"line":22,"column":32},"end":{"line":22,"column":null}},"3":{"start":{"line":23,"column":40},"end":{"line":23,"column":null}},"4":{"start":{"line":24,"column":38},"end":{"line":24,"column":null}},"5":{"start":{"line":26,"column":8},"end":{"line":26,"column":null}},"6":{"start":{"line":27,"column":8},"end":{"line":27,"column":null}},"7":{"start":{"line":28,"column":8},"end":{"line":28,"column":null}},"8":{"start":{"line":31,"column":8},"end":{"line":114,"column":null}},"9":{"start":{"line":32,"column":4},"end":{"line":32,"column":null}},"10":{"start":{"line":32,"column":69},"end":{"line":32,"column":null}},"11":{"start":{"line":34,"column":23},"end":{"line":34,"column":null}},"12":{"start":{"line":35,"column":27},"end":{"line":35,"column":null}},"13":{"start":{"line":36,"column":28},"end":{"line":36,"column":null}},"14":{"start":{"line":39,"column":26},"end":{"line":39,"column":null}},"15":{"start":{"line":40,"column":25},"end":{"line":40,"column":null}},"16":{"start":{"line":43,"column":22},"end":{"line":43,"column":null}},"17":{"start":{"line":44,"column":25},"end":{"line":44,"column":null}},"18":{"start":{"line":45,"column":25},"end":{"line":45,"column":null}},"19":{"start":{"line":47,"column":27},"end":{"line":47,"column":null}},"20":{"start":{"line":50,"column":22},"end":{"line":50,"column":null}},"21":{"start":{"line":51,"column":4},"end":{"line":51,"column":null}},"22":{"start":{"line":52,"column":4},"end":{"line":52,"column":null}},"23":{"start":{"line":53,"column":4},"end":{"line":53,"column":null}},"24":{"start":{"line":54,"column":4},"end":{"line":54,"column":null}},"25":{"start":{"line":55,"column":4},"end":{"line":55,"column":null}},"26":{"start":{"line":56,"column":4},"end":{"line":56,"column":null}},"27":{"start":{"line":57,"column":4},"end":{"line":57,"column":null}},"28":{"start":{"line":60,"column":14},"end":{"line":60,"column":null}},"29":{"start":{"line":61,"column":15},"end":{"line":61,"column":null}},"30":{"start":{"line":63,"column":4},"end":{"line":72,"column":null}},"31":{"start":{"line":64,"column":12},"end":{"line":64,"column":null}},"32":{"start":{"line":65,"column":6},"end":{"line":65,"column":null}},"33":{"start":{"line":67,"column":6},"end":{"line":71,"column":null}},"34":{"start":{"line":68,"column":8},"end":{"line":68,"column":null}},"35":{"start":{"line":70,"column":8},"end":{"line":70,"column":null}},"36":{"start":{"line":74,"column":4},"end":{"line":74,"column":null}},"37":{"start":{"line":75,"column":4},"end":{"line":75,"column":null}},"38":{"start":{"line":78,"column":21},"end":{"line":78,"column":null}},"39":{"start":{"line":79,"column":24},"end":{"line":79,"column":null}},"40":{"start":{"line":80,"column":24},"end":{"line":80,"column":null}},"41":{"start":{"line":82,"column":26},"end":{"line":82,"column":null}},"42":{"start":{"line":84,"column":21},"end":{"line":84,"column":null}},"43":{"start":{"line":85,"column":4},"end":{"line":85,"column":null}},"44":{"start":{"line":86,"column":4},"end":{"line":86,"column":null}},"45":{"start":{"line":87,"column":4},"end":{"line":87,"column":null}},"46":{"start":{"line":88,"column":4},"end":{"line":88,"column":null}},"47":{"start":{"line":89,"column":4},"end":{"line":89,"column":null}},"48":{"start":{"line":90,"column":4},"end":{"line":90,"column":null}},"49":{"start":{"line":91,"column":4},"end":{"line":91,"column":null}},"50":{"start":{"line":92,"column":4},"end":{"line":92,"column":null}},"51":{"start":{"line":93,"column":4},"end":{"line":93,"column":null}},"52":{"start":{"line":95,"column":4},"end":{"line":95,"column":null}},"53":{"start":{"line":96,"column":4},"end":{"line":96,"column":null}},"54":{"start":{"line":98,"column":4},"end":{"line":107,"column":null}},"55":{"start":{"line":99,"column":12},"end":{"line":99,"column":null}},"56":{"start":{"line":100,"column":6},"end":{"line":100,"column":null}},"57":{"start":{"line":102,"column":6},"end":{"line":106,"column":null}},"58":{"start":{"line":103,"column":8},"end":{"line":103,"column":null}},"59":{"start":{"line":105,"column":8},"end":{"line":105,"column":null}},"60":{"start":{"line":109,"column":4},"end":{"line":109,"column":null}},"61":{"start":{"line":110,"column":4},"end":{"line":110,"column":null}},"62":{"start":{"line":112,"column":4},"end":{"line":112,"column":null}},"63":{"start":{"line":113,"column":4},"end":{"line":113,"column":null}},"64":{"start":{"line":117,"column":31},"end":{"line":125,"column":null}},"65":{"start":{"line":118,"column":23},"end":{"line":118,"column":null}},"66":{"start":{"line":119,"column":26},"end":{"line":119,"column":null}},"67":{"start":{"line":120,"column":26},"end":{"line":120,"column":null}},"68":{"start":{"line":122,"column":4},"end":{"line":122,"column":null}},"69":{"start":{"line":122,"column":23},"end":{"line":122,"column":null}},"70":{"start":{"line":123,"column":4},"end":{"line":123,"column":null}},"71":{"start":{"line":123,"column":23},"end":{"line":123,"column":null}},"72":{"start":{"line":124,"column":4},"end":{"line":124,"column":null}},"73":{"start":{"line":128,"column":2},"end":{"line":131,"column":null}},"74":{"start":{"line":129,"column":18},"end":{"line":129,"column":null}},"75":{"start":{"line":130,"column":4},"end":{"line":130,"column":null}},"76":{"start":{"line":130,"column":17},"end":{"line":130,"column":null}},"77":{"start":{"line":134,"column":2},"end":{"line":141,"column":null}},"78":{"start":{"line":135,"column":25},"end":{"line":137,"column":null}},"79":{"start":{"line":136,"column":6},"end":{"line":136,"column":null}},"80":{"start":{"line":139,"column":4},"end":{"line":139,"column":null}},"81":{"start":{"line":140,"column":4},"end":{"line":140,"column":null}},"82":{"start":{"line":140,"column":17},"end":{"line":140,"column":null}},"83":{"start":{"line":144,"column":2},"end":{"line":170,"column":null}},"84":{"start":{"line":145,"column":30},"end":{"line":167,"column":null}},"85":{"start":{"line":146,"column":6},"end":{"line":149,"column":null}},"86":{"start":{"line":147,"column":8},"end":{"line":147,"column":null}},"87":{"start":{"line":148,"column":8},"end":{"line":148,"column":null}},"88":{"start":{"line":151,"column":6},"end":{"line":166,"column":null}},"89":{"start":{"line":152,"column":8},"end":{"line":152,"column":null}},"90":{"start":{"line":156,"column":8},"end":{"line":158,"column":null}},"91":{"start":{"line":157,"column":10},"end":{"line":157,"column":null}},"92":{"start":{"line":160,"column":25},"end":{"line":160,"column":null}},"93":{"start":{"line":161,"column":8},"end":{"line":161,"column":null}},"94":{"start":{"line":163,"column":8},"end":{"line":163,"column":null}},"95":{"start":{"line":164,"column":8},"end":{"line":164,"column":null}},"96":{"start":{"line":165,"column":8},"end":{"line":165,"column":null}},"97":{"start":{"line":169,"column":4},"end":{"line":169,"column":null}},"98":{"start":{"line":172,"column":22},"end":{"line":194,"column":null}},"99":{"start":{"line":173,"column":4},"end":{"line":193,"column":null}},"100":{"start":{"line":174,"column":6},"end":{"line":174,"column":null}},"101":{"start":{"line":177,"column":6},"end":{"line":181,"column":null}},"102":{"start":{"line":178,"column":8},"end":{"line":178,"column":null}},"103":{"start":{"line":179,"column":8},"end":{"line":179,"column":null}},"104":{"start":{"line":180,"column":8},"end":{"line":180,"column":null}},"105":{"start":{"line":183,"column":6},"end":{"line":183,"column":null}},"106":{"start":{"line":185,"column":27},"end":{"line":189,"column":null}},"107":{"start":{"line":190,"column":6},"end":{"line":190,"column":null}},"108":{"start":{"line":192,"column":6},"end":{"line":192,"column":null}},"109":{"start":{"line":196,"column":24},"end":{"line":332,"column":null}},"110":{"start":{"line":198,"column":4},"end":{"line":263,"column":null}},"111":{"start":{"line":199,"column":6},"end":{"line":262,"column":null}},"112":{"start":{"line":201,"column":10},"end":{"line":201,"column":null}},"113":{"start":{"line":205,"column":10},"end":{"line":243,"column":null}},"114":{"start":{"line":206,"column":12},"end":{"line":220,"column":null}},"115":{"start":{"line":217,"column":18},"end":{"line":217,"column":null}},"116":{"start":{"line":218,"column":18},"end":{"line":218,"column":null}},"117":{"start":{"line":222,"column":10},"end":{"line":243,"column":null}},"118":{"start":{"line":224,"column":28},"end":{"line":226,"column":null}},"119":{"start":{"line":227,"column":12},"end":{"line":241,"column":null}},"120":{"start":{"line":238,"column":18},"end":{"line":238,"column":null}},"121":{"start":{"line":239,"column":18},"end":{"line":239,"column":null}},"122":{"start":{"line":244,"column":10},"end":{"line":244,"column":null}},"123":{"start":{"line":246,"column":10},"end":{"line":260,"column":null}},"124":{"start":{"line":257,"column":16},"end":{"line":257,"column":null}},"125":{"start":{"line":258,"column":16},"end":{"line":258,"column":null}},"126":{"start":{"line":266,"column":4},"end":{"line":294,"column":null}},"127":{"start":{"line":268,"column":6},"end":{"line":270,"column":null}},"128":{"start":{"line":269,"column":8},"end":{"line":269,"column":null}},"129":{"start":{"line":273,"column":6},"end":{"line":291,"column":null}},"130":{"start":{"line":275,"column":24},"end":{"line":277,"column":null}},"131":{"start":{"line":278,"column":8},"end":{"line":289,"column":null}},"132":{"start":{"line":288,"column":27},"end":{"line":288,"column":null}},"133":{"start":{"line":293,"column":6},"end":{"line":293,"column":null}},"134":{"start":{"line":297,"column":4},"end":{"line":311,"column":null}},"135":{"start":{"line":298,"column":6},"end":{"line":310,"column":null}},"136":{"start":{"line":300,"column":10},"end":{"line":300,"column":null}},"137":{"start":{"line":303,"column":10},"end":{"line":303,"column":null}},"138":{"start":{"line":305,"column":10},"end":{"line":305,"column":null}},"139":{"start":{"line":307,"column":10},"end":{"line":307,"column":null}},"140":{"start":{"line":309,"column":10},"end":{"line":309,"column":null}},"141":{"start":{"line":314,"column":4},"end":{"line":331,"column":null}},"142":{"start":{"line":316,"column":8},"end":{"line":316,"column":null}},"143":{"start":{"line":318,"column":8},"end":{"line":318,"column":null}},"144":{"start":{"line":320,"column":8},"end":{"line":320,"column":null}},"145":{"start":{"line":322,"column":8},"end":{"line":322,"column":null}},"146":{"start":{"line":324,"column":8},"end":{"line":324,"column":null}},"147":{"start":{"line":326,"column":8},"end":{"line":326,"column":null}},"148":{"start":{"line":328,"column":8},"end":{"line":328,"column":null}},"149":{"start":{"line":330,"column":8},"end":{"line":330,"column":null}},"150":{"start":{"line":334,"column":25},"end":{"line":446,"column":null}},"151":{"start":{"line":335,"column":68},"end":{"line":338,"column":null}},"152":{"start":{"line":341,"column":4},"end":{"line":420,"column":null}},"153":{"start":{"line":343,"column":6},"end":{"line":356,"column":null}},"154":{"start":{"line":344,"column":8},"end":{"line":355,"column":null}},"155":{"start":{"line":346,"column":27},"end":{"line":346,"column":null}},"156":{"start":{"line":347,"column":32},"end":{"line":349,"column":null}},"157":{"start":{"line":348,"column":12},"end":{"line":348,"column":null}},"158":{"start":{"line":350,"column":10},"end":{"line":350,"column":null}},"159":{"start":{"line":353,"column":24},"end":{"line":353,"column":null}},"160":{"start":{"line":354,"column":10},"end":{"line":354,"column":null}},"161":{"start":{"line":359,"column":6},"end":{"line":361,"column":null}},"162":{"start":{"line":360,"column":8},"end":{"line":360,"column":null}},"163":{"start":{"line":364,"column":6},"end":{"line":370,"column":null}},"164":{"start":{"line":365,"column":31},"end":{"line":367,"column":null}},"165":{"start":{"line":368,"column":8},"end":{"line":368,"column":null}},"166":{"start":{"line":369,"column":8},"end":{"line":369,"column":null}},"167":{"start":{"line":373,"column":6},"end":{"line":375,"column":null}},"168":{"start":{"line":374,"column":8},"end":{"line":374,"column":null}},"169":{"start":{"line":376,"column":6},"end":{"line":378,"column":null}},"170":{"start":{"line":377,"column":8},"end":{"line":377,"column":null}},"171":{"start":{"line":380,"column":6},"end":{"line":382,"column":null}},"172":{"start":{"line":381,"column":8},"end":{"line":381,"column":null}},"173":{"start":{"line":385,"column":6},"end":{"line":387,"column":null}},"174":{"start":{"line":386,"column":8},"end":{"line":386,"column":null}},"175":{"start":{"line":389,"column":6},"end":{"line":391,"column":null}},"176":{"start":{"line":390,"column":8},"end":{"line":390,"column":null}},"177":{"start":{"line":393,"column":6},"end":{"line":395,"column":null}},"178":{"start":{"line":394,"column":8},"end":{"line":394,"column":null}},"179":{"start":{"line":398,"column":6},"end":{"line":402,"column":null}},"180":{"start":{"line":399,"column":23},"end":{"line":399,"column":null}},"181":{"start":{"line":400,"column":28},"end":{"line":400,"column":null}},"182":{"start":{"line":401,"column":8},"end":{"line":401,"column":null}},"183":{"start":{"line":405,"column":6},"end":{"line":419,"column":null}},"184":{"start":{"line":406,"column":21},"end":{"line":406,"column":null}},"185":{"start":{"line":407,"column":8},"end":{"line":409,"column":null}},"186":{"start":{"line":408,"column":10},"end":{"line":408,"column":null}},"187":{"start":{"line":410,"column":8},"end":{"line":412,"column":null}},"188":{"start":{"line":411,"column":10},"end":{"line":411,"column":null}},"189":{"start":{"line":413,"column":8},"end":{"line":415,"column":null}},"190":{"start":{"line":414,"column":10},"end":{"line":414,"column":null}},"191":{"start":{"line":416,"column":8},"end":{"line":418,"column":null}},"192":{"start":{"line":417,"column":10},"end":{"line":417,"column":null}},"193":{"start":{"line":423,"column":4},"end":{"line":443,"column":null}},"194":{"start":{"line":424,"column":6},"end":{"line":424,"column":null}},"195":{"start":{"line":425,"column":6},"end":{"line":425,"column":null}},"196":{"start":{"line":426,"column":6},"end":{"line":426,"column":null}},"197":{"start":{"line":427,"column":6},"end":{"line":427,"column":null}},"198":{"start":{"line":428,"column":6},"end":{"line":428,"column":null}},"199":{"start":{"line":429,"column":6},"end":{"line":429,"column":null}},"200":{"start":{"line":432,"column":25},"end":{"line":432,"column":null}},"201":{"start":{"line":433,"column":28},"end":{"line":433,"column":null}},"202":{"start":{"line":434,"column":28},"end":{"line":434,"column":null}},"203":{"start":{"line":436,"column":6},"end":{"line":442,"column":null}},"204":{"start":{"line":437,"column":8},"end":{"line":437,"column":null}},"205":{"start":{"line":438,"column":6},"end":{"line":442,"column":null}},"206":{"start":{"line":439,"column":8},"end":{"line":439,"column":null}},"207":{"start":{"line":441,"column":8},"end":{"line":441,"column":null}},"208":{"start":{"line":445,"column":4},"end":{"line":445,"column":null}},"209":{"start":{"line":449,"column":29},"end":{"line":463,"column":null}},"210":{"start":{"line":451,"column":4},"end":{"line":457,"column":null}},"211":{"start":{"line":452,"column":18},"end":{"line":452,"column":null}},"212":{"start":{"line":453,"column":16},"end":{"line":453,"column":null}},"213":{"start":{"line":454,"column":16},"end":{"line":454,"column":null}},"214":{"start":{"line":455,"column":16},"end":{"line":455,"column":null}},"215":{"start":{"line":456,"column":6},"end":{"line":456,"column":null}},"216":{"start":{"line":459,"column":4},"end":{"line":461,"column":null}},"217":{"start":{"line":460,"column":6},"end":{"line":460,"column":null}},"218":{"start":{"line":462,"column":4},"end":{"line":462,"column":null}},"219":{"start":{"line":466,"column":25},"end":{"line":471,"column":null}},"220":{"start":{"line":467,"column":4},"end":{"line":467,"column":null}},"221":{"start":{"line":467,"column":28},"end":{"line":467,"column":null}},"222":{"start":{"line":468,"column":4},"end":{"line":468,"column":null}},"223":{"start":{"line":468,"column":28},"end":{"line":468,"column":null}},"224":{"start":{"line":469,"column":4},"end":{"line":469,"column":null}},"225":{"start":{"line":469,"column":27},"end":{"line":469,"column":null}},"226":{"start":{"line":470,"column":4},"end":{"line":470,"column":null}},"227":{"start":{"line":473,"column":28},"end":{"line":483,"column":null}},"228":{"start":{"line":474,"column":4},"end":{"line":474,"column":null}},"229":{"start":{"line":475,"column":4},"end":{"line":475,"column":null}},"230":{"start":{"line":476,"column":4},"end":{"line":476,"column":null}},"231":{"start":{"line":477,"column":4},"end":{"line":482,"column":null}},"232":{"start":{"line":478,"column":6},"end":{"line":478,"column":null}},"233":{"start":{"line":479,"column":6},"end":{"line":479,"column":null}},"234":{"start":{"line":481,"column":6},"end":{"line":481,"column":null}},"235":{"start":{"line":486,"column":33},"end":{"line":490,"column":null}},"236":{"start":{"line":487,"column":4},"end":{"line":487,"column":null}},"237":{"start":{"line":487,"column":27},"end":{"line":487,"column":null}},"238":{"start":{"line":488,"column":4},"end":{"line":488,"column":null}},"239":{"start":{"line":488,"column":28},"end":{"line":488,"column":null}},"240":{"start":{"line":489,"column":4},"end":{"line":489,"column":null}},"241":{"start":{"line":492,"column":2},"end":{"line":531,"column":null}}},"fnMap":{"0":{"name":"(anonymous_0)","decl":{"start":{"line":20,"column":57},"end":{"line":20,"column":58}},"loc":{"start":{"line":20,"column":130},"end":{"line":533,"column":null}},"line":20},"1":{"name":"(anonymous_1)","decl":{"start":{"line":31,"column":37},"end":{"line":31,"column":43}},"loc":{"start":{"line":31,"column":43},"end":{"line":114,"column":5}},"line":31},"2":{"name":"(anonymous_2)","decl":{"start":{"line":117,"column":31},"end":{"line":117,"column":32}},"loc":{"start":{"line":117,"column":60},"end":{"line":125,"column":null}},"line":117},"3":{"name":"(anonymous_3)","decl":{"start":{"line":128,"column":12},"end":{"line":128,"column":18}},"loc":{"start":{"line":128,"column":18},"end":{"line":131,"column":5}},"line":128},"4":{"name":"(anonymous_4)","decl":{"start":{"line":130,"column":11},"end":{"line":130,"column":17}},"loc":{"start":{"line":130,"column":17},"end":{"line":130,"column":null}},"line":130},"5":{"name":"(anonymous_5)","decl":{"start":{"line":134,"column":12},"end":{"line":134,"column":18}},"loc":{"start":{"line":134,"column":18},"end":{"line":141,"column":5}},"line":134},"6":{"name":"(anonymous_6)","decl":{"start":{"line":135,"column":25},"end":{"line":135,"column":31}},"loc":{"start":{"line":135,"column":31},"end":{"line":137,"column":null}},"line":135},"7":{"name":"(anonymous_7)","decl":{"start":{"line":140,"column":11},"end":{"line":140,"column":17}},"loc":{"start":{"line":140,"column":17},"end":{"line":140,"column":null}},"line":140},"8":{"name":"(anonymous_8)","decl":{"start":{"line":144,"column":12},"end":{"line":144,"column":18}},"loc":{"start":{"line":144,"column":18},"end":{"line":170,"column":5}},"line":144},"9":{"name":"(anonymous_9)","decl":{"start":{"line":145,"column":30},"end":{"line":145,"column":42}},"loc":{"start":{"line":145,"column":42},"end":{"line":167,"column":null}},"line":145},"10":{"name":"(anonymous_10)","decl":{"start":{"line":172,"column":22},"end":{"line":172,"column":34}},"loc":{"start":{"line":172,"column":34},"end":{"line":194,"column":null}},"line":172},"11":{"name":"(anonymous_11)","decl":{"start":{"line":196,"column":24},"end":{"line":196,"column":30}},"loc":{"start":{"line":196,"column":30},"end":{"line":332,"column":null}},"line":196},"12":{"name":"(anonymous_12)","decl":{"start":{"line":216,"column":25},"end":{"line":216,"column":31}},"loc":{"start":{"line":216,"column":31},"end":{"line":219,"column":null}},"line":216},"13":{"name":"(anonymous_13)","decl":{"start":{"line":237,"column":25},"end":{"line":237,"column":31}},"loc":{"start":{"line":237,"column":31},"end":{"line":240,"column":null}},"line":237},"14":{"name":"(anonymous_14)","decl":{"start":{"line":256,"column":23},"end":{"line":256,"column":29}},"loc":{"start":{"line":256,"column":29},"end":{"line":259,"column":null}},"line":256},"15":{"name":"(anonymous_15)","decl":{"start":{"line":288,"column":21},"end":{"line":288,"column":27}},"loc":{"start":{"line":288,"column":27},"end":{"line":288,"column":null}},"line":288},"16":{"name":"(anonymous_16)","decl":{"start":{"line":334,"column":25},"end":{"line":334,"column":31}},"loc":{"start":{"line":334,"column":31},"end":{"line":446,"column":null}},"line":334},"17":{"name":"(anonymous_17)","decl":{"start":{"line":347,"column":52},"end":{"line":347,"column":null}},"loc":{"start":{"line":348,"column":12},"end":{"line":348,"column":null}},"line":348},"18":{"name":"(anonymous_18)","decl":{"start":{"line":449,"column":29},"end":{"line":449,"column":30}},"loc":{"start":{"line":449,"column":73},"end":{"line":463,"column":null}},"line":449},"19":{"name":"(anonymous_19)","decl":{"start":{"line":466,"column":25},"end":{"line":466,"column":26}},"loc":{"start":{"line":466,"column":57},"end":{"line":471,"column":null}},"line":466},"20":{"name":"(anonymous_20)","decl":{"start":{"line":473,"column":28},"end":{"line":473,"column":29}},"loc":{"start":{"line":473,"column":57},"end":{"line":483,"column":null}},"line":473},"21":{"name":"(anonymous_21)","decl":{"start":{"line":486,"column":33},"end":{"line":486,"column":34}},"loc":{"start":{"line":486,"column":60},"end":{"line":490,"column":null}},"line":486}},"branchMap":{"0":{"loc":{"start":{"line":20,"column":68},"end":{"line":20,"column":82}},"type":"default-arg","locations":[{"start":{"line":20,"column":79},"end":{"line":20,"column":82}}],"line":20},"1":{"loc":{"start":{"line":32,"column":4},"end":{"line":32,"column":null}},"type":"if","locations":[{"start":{"line":32,"column":4},"end":{"line":32,"column":null}},{"start":{},"end":{}}],"line":32},"2":{"loc":{"start":{"line":32,"column":8},"end":{"line":32,"column":69}},"type":"binary-expr","locations":[{"start":{"line":32,"column":8},"end":{"line":32,"column":29}},{"start":{"line":32,"column":29},"end":{"line":32,"column":49}},{"start":{"line":32,"column":49},"end":{"line":32,"column":69}}],"line":32},"3":{"loc":{"start":{"line":39,"column":60},"end":{"line":39,"column":null}},"type":"cond-expr","locations":[{"start":{"line":39,"column":73},"end":{"line":39,"column":108}},{"start":{"line":39,"column":108},"end":{"line":39,"column":null}}],"line":39},"4":{"loc":{"start":{"line":40,"column":58},"end":{"line":40,"column":null}},"type":"cond-expr","locations":[{"start":{"line":40,"column":71},"end":{"line":40,"column":106}},{"start":{"line":40,"column":106},"end":{"line":40,"column":null}}],"line":40},"5":{"loc":{"start":{"line":67,"column":6},"end":{"line":71,"column":null}},"type":"if","locations":[{"start":{"line":67,"column":6},"end":{"line":71,"column":null}},{"start":{"line":69,"column":13},"end":{"line":71,"column":null}}],"line":67},"6":{"loc":{"start":{"line":102,"column":6},"end":{"line":106,"column":null}},"type":"if","locations":[{"start":{"line":102,"column":6},"end":{"line":106,"column":null}},{"start":{"line":104,"column":13},"end":{"line":106,"column":null}}],"line":102},"7":{"loc":{"start":{"line":122,"column":4},"end":{"line":122,"column":null}},"type":"if","locations":[{"start":{"line":122,"column":4},"end":{"line":122,"column":null}},{"start":{},"end":{}}],"line":122},"8":{"loc":{"start":{"line":123,"column":4},"end":{"line":123,"column":null}},"type":"if","locations":[{"start":{"line":123,"column":4},"end":{"line":123,"column":null}},{"start":{},"end":{}}],"line":123},"9":{"loc":{"start":{"line":146,"column":6},"end":{"line":149,"column":null}},"type":"if","locations":[{"start":{"line":146,"column":6},"end":{"line":149,"column":null}},{"start":{},"end":{}}],"line":146},"10":{"loc":{"start":{"line":156,"column":8},"end":{"line":158,"column":null}},"type":"if","locations":[{"start":{"line":156,"column":8},"end":{"line":158,"column":null}},{"start":{},"end":{}}],"line":156},"11":{"loc":{"start":{"line":156,"column":12},"end":{"line":156,"column":70}},"type":"binary-expr","locations":[{"start":{"line":156,"column":12},"end":{"line":156,"column":50}},{"start":{"line":156,"column":50},"end":{"line":156,"column":70}}],"line":156},"12":{"loc":{"start":{"line":177,"column":6},"end":{"line":181,"column":null}},"type":"if","locations":[{"start":{"line":177,"column":6},"end":{"line":181,"column":null}},{"start":{},"end":{}}],"line":177},"13":{"loc":{"start":{"line":177,"column":10},"end":{"line":177,"column":100}},"type":"binary-expr","locations":[{"start":{"line":177,"column":10},"end":{"line":177,"column":53}},{"start":{"line":177,"column":53},"end":{"line":177,"column":71}},{"start":{"line":177,"column":71},"end":{"line":177,"column":100}}],"line":177},"14":{"loc":{"start":{"line":198,"column":4},"end":{"line":263,"column":null}},"type":"if","locations":[{"start":{"line":198,"column":4},"end":{"line":263,"column":null}},{"start":{},"end":{}}],"line":198},"15":{"loc":{"start":{"line":199,"column":6},"end":{"line":262,"column":null}},"type":"switch","locations":[{"start":{"line":200,"column":8},"end":{"line":201,"column":null}},{"start":{"line":202,"column":8},"end":{"line":202,"column":null}},{"start":{"line":203,"column":8},"end":{"line":203,"column":null}},{"start":{"line":204,"column":8},"end":{"line":244,"column":null}},{"start":{"line":245,"column":8},"end":{"line":260,"column":null}}],"line":199},"16":{"loc":{"start":{"line":205,"column":10},"end":{"line":243,"column":null}},"type":"if","locations":[{"start":{"line":205,"column":10},"end":{"line":243,"column":null}},{"start":{"line":222,"column":10},"end":{"line":243,"column":null}}],"line":205},"17":{"loc":{"start":{"line":222,"column":10},"end":{"line":243,"column":null}},"type":"if","locations":[{"start":{"line":222,"column":10},"end":{"line":243,"column":null}},{"start":{},"end":{}}],"line":222},"18":{"loc":{"start":{"line":224,"column":28},"end":{"line":226,"column":null}},"type":"cond-expr","locations":[{"start":{"line":225,"column":16},"end":{"line":225,"column":null}},{"start":{"line":226,"column":16},"end":{"line":226,"column":null}}],"line":224},"19":{"loc":{"start":{"line":266,"column":4},"end":{"line":294,"column":null}},"type":"if","locations":[{"start":{"line":266,"column":4},"end":{"line":294,"column":null}},{"start":{},"end":{}}],"line":266},"20":{"loc":{"start":{"line":266,"column":8},"end":{"line":266,"column":35}},"type":"binary-expr","locations":[{"start":{"line":266,"column":8},"end":{"line":266,"column":23}},{"start":{"line":266,"column":23},"end":{"line":266,"column":35}}],"line":266},"21":{"loc":{"start":{"line":268,"column":6},"end":{"line":270,"column":null}},"type":"if","locations":[{"start":{"line":268,"column":6},"end":{"line":270,"column":null}},{"start":{},"end":{}}],"line":268},"22":{"loc":{"start":{"line":273,"column":6},"end":{"line":291,"column":null}},"type":"if","locations":[{"start":{"line":273,"column":6},"end":{"line":291,"column":null}},{"start":{},"end":{}}],"line":273},"23":{"loc":{"start":{"line":273,"column":10},"end":{"line":273,"column":71}},"type":"binary-expr","locations":[{"start":{"line":273,"column":10},"end":{"line":273,"column":44}},{"start":{"line":273,"column":44},"end":{"line":273,"column":71}}],"line":273},"24":{"loc":{"start":{"line":275,"column":24},"end":{"line":277,"column":null}},"type":"cond-expr","locations":[{"start":{"line":276,"column":12},"end":{"line":276,"column":null}},{"start":{"line":277,"column":12},"end":{"line":277,"column":null}}],"line":275},"25":{"loc":{"start":{"line":275,"column":24},"end":{"line":275,"column":null}},"type":"binary-expr","locations":[{"start":{"line":275,"column":24},"end":{"line":275,"column":58}},{"start":{"line":275,"column":58},"end":{"line":275,"column":null}}],"line":275},"26":{"loc":{"start":{"line":297,"column":4},"end":{"line":311,"column":null}},"type":"if","locations":[{"start":{"line":297,"column":4},"end":{"line":311,"column":null}},{"start":{},"end":{}}],"line":297},"27":{"loc":{"start":{"line":298,"column":6},"end":{"line":310,"column":null}},"type":"switch","locations":[{"start":{"line":299,"column":8},"end":{"line":300,"column":null}},{"start":{"line":301,"column":8},"end":{"line":301,"column":null}},{"start":{"line":302,"column":8},"end":{"line":303,"column":null}},{"start":{"line":304,"column":8},"end":{"line":305,"column":null}},{"start":{"line":306,"column":8},"end":{"line":307,"column":null}},{"start":{"line":308,"column":8},"end":{"line":309,"column":null}}],"line":298},"28":{"loc":{"start":{"line":314,"column":4},"end":{"line":331,"column":null}},"type":"switch","locations":[{"start":{"line":315,"column":6},"end":{"line":316,"column":null}},{"start":{"line":317,"column":6},"end":{"line":318,"column":null}},{"start":{"line":319,"column":6},"end":{"line":320,"column":null}},{"start":{"line":321,"column":6},"end":{"line":322,"column":null}},{"start":{"line":323,"column":6},"end":{"line":324,"column":null}},{"start":{"line":325,"column":6},"end":{"line":326,"column":null}},{"start":{"line":327,"column":6},"end":{"line":328,"column":null}},{"start":{"line":329,"column":6},"end":{"line":330,"column":null}}],"line":314},"29":{"loc":{"start":{"line":341,"column":4},"end":{"line":420,"column":null}},"type":"if","locations":[{"start":{"line":341,"column":4},"end":{"line":420,"column":null}},{"start":{},"end":{}}],"line":341},"30":{"loc":{"start":{"line":343,"column":6},"end":{"line":356,"column":null}},"type":"if","locations":[{"start":{"line":343,"column":6},"end":{"line":356,"column":null}},{"start":{},"end":{}}],"line":343},"31":{"loc":{"start":{"line":344,"column":8},"end":{"line":355,"column":null}},"type":"if","locations":[{"start":{"line":344,"column":8},"end":{"line":355,"column":null}},{"start":{"line":351,"column":15},"end":{"line":355,"column":null}}],"line":344},"32":{"loc":{"start":{"line":359,"column":6},"end":{"line":361,"column":null}},"type":"if","locations":[{"start":{"line":359,"column":6},"end":{"line":361,"column":null}},{"start":{},"end":{}}],"line":359},"33":{"loc":{"start":{"line":364,"column":6},"end":{"line":370,"column":null}},"type":"if","locations":[{"start":{"line":364,"column":6},"end":{"line":370,"column":null}},{"start":{},"end":{}}],"line":364},"34":{"loc":{"start":{"line":365,"column":31},"end":{"line":367,"column":null}},"type":"cond-expr","locations":[{"start":{"line":366,"column":12},"end":{"line":366,"column":null}},{"start":{"line":367,"column":12},"end":{"line":367,"column":null}}],"line":365},"35":{"loc":{"start":{"line":373,"column":6},"end":{"line":375,"column":null}},"type":"if","locations":[{"start":{"line":373,"column":6},"end":{"line":375,"column":null}},{"start":{},"end":{}}],"line":373},"36":{"loc":{"start":{"line":376,"column":6},"end":{"line":378,"column":null}},"type":"if","locations":[{"start":{"line":376,"column":6},"end":{"line":378,"column":null}},{"start":{},"end":{}}],"line":376},"37":{"loc":{"start":{"line":380,"column":6},"end":{"line":382,"column":null}},"type":"if","locations":[{"start":{"line":380,"column":6},"end":{"line":382,"column":null}},{"start":{},"end":{}}],"line":380},"38":{"loc":{"start":{"line":385,"column":6},"end":{"line":387,"column":null}},"type":"if","locations":[{"start":{"line":385,"column":6},"end":{"line":387,"column":null}},{"start":{},"end":{}}],"line":385},"39":{"loc":{"start":{"line":389,"column":6},"end":{"line":391,"column":null}},"type":"if","locations":[{"start":{"line":389,"column":6},"end":{"line":391,"column":null}},{"start":{},"end":{}}],"line":389},"40":{"loc":{"start":{"line":393,"column":6},"end":{"line":395,"column":null}},"type":"if","locations":[{"start":{"line":393,"column":6},"end":{"line":395,"column":null}},{"start":{},"end":{}}],"line":393},"41":{"loc":{"start":{"line":398,"column":6},"end":{"line":402,"column":null}},"type":"if","locations":[{"start":{"line":398,"column":6},"end":{"line":402,"column":null}},{"start":{},"end":{}}],"line":398},"42":{"loc":{"start":{"line":400,"column":90},"end":{"line":400,"column":108}},"type":"binary-expr","locations":[{"start":{"line":400,"column":90},"end":{"line":400,"column":107}},{"start":{"line":400,"column":107},"end":{"line":400,"column":108}}],"line":400},"43":{"loc":{"start":{"line":405,"column":6},"end":{"line":419,"column":null}},"type":"if","locations":[{"start":{"line":405,"column":6},"end":{"line":419,"column":null}},{"start":{},"end":{}}],"line":405},"44":{"loc":{"start":{"line":407,"column":8},"end":{"line":409,"column":null}},"type":"if","locations":[{"start":{"line":407,"column":8},"end":{"line":409,"column":null}},{"start":{},"end":{}}],"line":407},"45":{"loc":{"start":{"line":410,"column":8},"end":{"line":412,"column":null}},"type":"if","locations":[{"start":{"line":410,"column":8},"end":{"line":412,"column":null}},{"start":{},"end":{}}],"line":410},"46":{"loc":{"start":{"line":413,"column":8},"end":{"line":415,"column":null}},"type":"if","locations":[{"start":{"line":413,"column":8},"end":{"line":415,"column":null}},{"start":{},"end":{}}],"line":413},"47":{"loc":{"start":{"line":416,"column":8},"end":{"line":418,"column":null}},"type":"if","locations":[{"start":{"line":416,"column":8},"end":{"line":418,"column":null}},{"start":{},"end":{}}],"line":416},"48":{"loc":{"start":{"line":423,"column":4},"end":{"line":443,"column":null}},"type":"if","locations":[{"start":{"line":423,"column":4},"end":{"line":443,"column":null}},{"start":{},"end":{}}],"line":423},"49":{"loc":{"start":{"line":436,"column":6},"end":{"line":442,"column":null}},"type":"if","locations":[{"start":{"line":436,"column":6},"end":{"line":442,"column":null}},{"start":{"line":438,"column":6},"end":{"line":442,"column":null}}],"line":436},"50":{"loc":{"start":{"line":438,"column":6},"end":{"line":442,"column":null}},"type":"if","locations":[{"start":{"line":438,"column":6},"end":{"line":442,"column":null}},{"start":{"line":440,"column":13},"end":{"line":442,"column":null}}],"line":438},"51":{"loc":{"start":{"line":451,"column":4},"end":{"line":457,"column":null}},"type":"if","locations":[{"start":{"line":451,"column":4},"end":{"line":457,"column":null}},{"start":{},"end":{}}],"line":451},"52":{"loc":{"start":{"line":459,"column":4},"end":{"line":461,"column":null}},"type":"if","locations":[{"start":{"line":459,"column":4},"end":{"line":461,"column":null}},{"start":{},"end":{}}],"line":459},"53":{"loc":{"start":{"line":467,"column":4},"end":{"line":467,"column":null}},"type":"if","locations":[{"start":{"line":467,"column":4},"end":{"line":467,"column":null}},{"start":{},"end":{}}],"line":467},"54":{"loc":{"start":{"line":468,"column":4},"end":{"line":468,"column":null}},"type":"if","locations":[{"start":{"line":468,"column":4},"end":{"line":468,"column":null}},{"start":{},"end":{}}],"line":468},"55":{"loc":{"start":{"line":469,"column":4},"end":{"line":469,"column":null}},"type":"if","locations":[{"start":{"line":469,"column":4},"end":{"line":469,"column":null}},{"start":{},"end":{}}],"line":469},"56":{"loc":{"start":{"line":477,"column":4},"end":{"line":482,"column":null}},"type":"if","locations":[{"start":{"line":477,"column":4},"end":{"line":482,"column":null}},{"start":{"line":480,"column":11},"end":{"line":482,"column":null}}],"line":477},"57":{"loc":{"start":{"line":487,"column":4},"end":{"line":487,"column":null}},"type":"if","locations":[{"start":{"line":487,"column":4},"end":{"line":487,"column":null}},{"start":{},"end":{}}],"line":487},"58":{"loc":{"start":{"line":488,"column":4},"end":{"line":488,"column":null}},"type":"if","locations":[{"start":{"line":488,"column":4},"end":{"line":488,"column":null}},{"start":{},"end":{}}],"line":488},"59":{"loc":{"start":{"line":510,"column":33},"end":{"line":510,"column":123}},"type":"cond-expr","locations":[{"start":{"line":510,"column":75},"end":{"line":510,"column":105}},{"start":{"line":510,"column":105},"end":{"line":510,"column":123}}],"line":510},"60":{"loc":{"start":{"line":511,"column":26},"end":{"line":511,"column":null}},"type":"cond-expr","locations":[{"start":{"line":511,"column":68},"end":{"line":511,"column":98}},{"start":{"line":511,"column":98},"end":{"line":511,"column":null}}],"line":511},"61":{"loc":{"start":{"line":520,"column":15},"end":{"line":520,"column":null}},"type":"cond-expr","locations":[{"start":{"line":520,"column":31},"end":{"line":520,"column":68}},{"start":{"line":520,"column":68},"end":{"line":520,"column":null}}],"line":520},"62":{"loc":{"start":{"line":527,"column":15},"end":{"line":527,"column":null}},"type":"cond-expr","locations":[{"start":{"line":527,"column":30},"end":{"line":527,"column":66}},{"start":{"line":527,"column":66},"end":{"line":527,"column":null}}],"line":527}},"s":{"0":3,"1":30,"2":30,"3":30,"4":30,"5":30,"6":30,"7":30,"8":30,"9":1,"10":0,"11":1,"12":1,"13":1,"14":1,"15":1,"16":1,"17":1,"18":1,"19":1,"20":1,"21":1,"22":1,"23":1,"24":1,"25":1,"26":1,"27":1,"28":1,"29":1,"30":1,"31":2,"32":2,"33":2,"34":0,"35":2,"36":1,"37":1,"38":1,"39":1,"40":1,"41":1,"42":1,"43":1,"44":1,"45":1,"46":1,"47":1,"48":1,"49":1,"50":1,"51":1,"52":1,"53":1,"54":1,"55":2,"56":2,"57":2,"58":0,"59":2,"60":1,"61":1,"62":1,"63":1,"64":30,"65":0,"66":0,"67":0,"68":0,"69":0,"70":0,"71":0,"72":0,"73":30,"74":24,"75":24,"76":24,"77":30,"78":24,"79":0,"80":24,"81":24,"82":24,"83":30,"84":24,"85":24,"86":8,"87":8,"88":16,"89":16,"90":16,"91":4,"92":16,"93":15,"94":1,"95":1,"96":1,"97":24,"98":30,"99":4,"100":4,"101":4,"102":2,"103":2,"104":2,"105":2,"106":2,"107":2,"108":1,"109":30,"110":30,"111":5,"112":5,"113":0,"114":0,"115":0,"116":0,"117":0,"118":0,"119":0,"120":0,"121":0,"122":0,"123":0,"124":0,"125":0,"126":25,"127":16,"128":15,"129":1,"130":1,"131":1,"132":1,"133":0,"134":9,"135":0,"136":0,"137":0,"138":0,"139":0,"140":0,"141":9,"142":2,"143":2,"144":1,"145":1,"146":1,"147":1,"148":1,"149":0,"150":30,"151":30,"152":30,"153":13,"154":13,"155":11,"156":11,"157":22,"158":11,"159":2,"160":2,"161":13,"162":13,"163":13,"164":13,"165":13,"166":13,"167":13,"168":0,"169":13,"170":0,"171":13,"172":12,"173":13,"174":12,"175":13,"176":12,"177":13,"178":12,"179":13,"180":11,"181":11,"182":11,"183":13,"184":11,"185":11,"186":11,"187":11,"188":11,"189":11,"190":11,"191":11,"192":11,"193":30,"194":22,"195":22,"196":22,"197":22,"198":22,"199":22,"200":22,"201":22,"202":22,"203":22,"204":0,"205":22,"206":0,"207":22,"208":30,"209":30,"210":2,"211":2,"212":2,"213":2,"214":2,"215":2,"216":0,"217":0,"218":0,"219":30,"220":22,"221":20,"222":2,"223":2,"224":1,"225":1,"226":0,"227":30,"228":1,"229":1,"230":1,"231":1,"232":1,"233":1,"234":0,"235":30,"236":30,"237":0,"238":30,"239":24,"240":6,"241":30},"f":{"0":30,"1":1,"2":0,"3":24,"4":24,"5":24,"6":0,"7":24,"8":24,"9":24,"10":4,"11":30,"12":0,"13":0,"14":0,"15":1,"16":30,"17":22,"18":2,"19":22,"20":1,"21":30},"b":{"0":[30],"1":[0,1],"2":[1,1,1],"3":[0,1],"4":[0,1],"5":[0,2],"6":[0,2],"7":[0,0],"8":[0,0],"9":[8,16],"10":[4,12],"11":[16,15],"12":[2,2],"13":[4,2,2],"14":[5,25],"15":[5,0,0,0,0],"16":[0,0],"17":[0,0],"18":[0,0],"19":[16,9],"20":[25,17],"21":[15,1],"22":[1,0],"23":[1,1],"24":[0,1],"25":[1,1],"26":[0,9],"27":[0,0,0,0,0,0],"28":[2,2,1,1,1,1,1,0],"29":[13,17],"30":[13,0],"31":[11,2],"32":[13,0],"33":[13,0],"34":[13,0],"35":[0,13],"36":[0,13],"37":[12,1],"38":[12,1],"39":[12,1],"40":[12,1],"41":[11,2],"42":[11,11],"43":[11,2],"44":[11,0],"45":[11,0],"46":[11,0],"47":[11,0],"48":[22,8],"49":[0,22],"50":[0,22],"51":[2,0],"52":[0,0],"53":[20,2],"54":[1,1],"55":[1,0],"56":[1,0],"57":[0,30],"58":[24,6],"59":[12,18],"60":[12,18],"61":[1,29],"62":[1,29]},"meta":{"lastBranch":63,"lastFunction":22,"lastStatement":242,"seen":{"s:20:57:533:Infinity":0,"f:20:57:20:58":0,"b:20:79:20:82":0,"s:21:40:21:Infinity":1,"s:22:32:22:Infinity":2,"s:23:40:23:Infinity":3,"s:24:38:24:Infinity":4,"s:26:8:26:Infinity":5,"s:27:8:27:Infinity":6,"s:28:8:28:Infinity":7,"s:31:8:114:Infinity":8,"f:31:37:31:43":1,"b:32:4:32:Infinity:undefined:undefined:undefined:undefined":1,"s:32:4:32:Infinity":9,"b:32:8:32:29:32:29:32:49:32:49:32:69":2,"s:32:69:32:Infinity":10,"s:34:23:34:Infinity":11,"s:35:27:35:Infinity":12,"s:36:28:36:Infinity":13,"s:39:26:39:Infinity":14,"b:39:73:39:108:39:108:39:Infinity":3,"s:40:25:40:Infinity":15,"b:40:71:40:106:40:106:40:Infinity":4,"s:43:22:43:Infinity":16,"s:44:25:44:Infinity":17,"s:45:25:45:Infinity":18,"s:47:27:47:Infinity":19,"s:50:22:50:Infinity":20,"s:51:4:51:Infinity":21,"s:52:4:52:Infinity":22,"s:53:4:53:Infinity":23,"s:54:4:54:Infinity":24,"s:55:4:55:Infinity":25,"s:56:4:56:Infinity":26,"s:57:4:57:Infinity":27,"s:60:14:60:Infinity":28,"s:61:15:61:Infinity":29,"s:63:4:72:Infinity":30,"s:64:12:64:Infinity":31,"s:65:6:65:Infinity":32,"b:67:6:71:Infinity:69:13:71:Infinity":5,"s:67:6:71:Infinity":33,"s:68:8:68:Infinity":34,"s:70:8:70:Infinity":35,"s:74:4:74:Infinity":36,"s:75:4:75:Infinity":37,"s:78:21:78:Infinity":38,"s:79:24:79:Infinity":39,"s:80:24:80:Infinity":40,"s:82:26:82:Infinity":41,"s:84:21:84:Infinity":42,"s:85:4:85:Infinity":43,"s:86:4:86:Infinity":44,"s:87:4:87:Infinity":45,"s:88:4:88:Infinity":46,"s:89:4:89:Infinity":47,"s:90:4:90:Infinity":48,"s:91:4:91:Infinity":49,"s:92:4:92:Infinity":50,"s:93:4:93:Infinity":51,"s:95:4:95:Infinity":52,"s:96:4:96:Infinity":53,"s:98:4:107:Infinity":54,"s:99:12:99:Infinity":55,"s:100:6:100:Infinity":56,"b:102:6:106:Infinity:104:13:106:Infinity":6,"s:102:6:106:Infinity":57,"s:103:8:103:Infinity":58,"s:105:8:105:Infinity":59,"s:109:4:109:Infinity":60,"s:110:4:110:Infinity":61,"s:112:4:112:Infinity":62,"s:113:4:113:Infinity":63,"s:117:31:125:Infinity":64,"f:117:31:117:32":2,"s:118:23:118:Infinity":65,"s:119:26:119:Infinity":66,"s:120:26:120:Infinity":67,"b:122:4:122:Infinity:undefined:undefined:undefined:undefined":7,"s:122:4:122:Infinity":68,"s:122:23:122:Infinity":69,"b:123:4:123:Infinity:undefined:undefined:undefined:undefined":8,"s:123:4:123:Infinity":70,"s:123:23:123:Infinity":71,"s:124:4:124:Infinity":72,"s:128:2:131:Infinity":73,"f:128:12:128:18":3,"s:129:18:129:Infinity":74,"s:130:4:130:Infinity":75,"f:130:11:130:17":4,"s:130:17:130:Infinity":76,"s:134:2:141:Infinity":77,"f:134:12:134:18":5,"s:135:25:137:Infinity":78,"f:135:25:135:31":6,"s:136:6:136:Infinity":79,"s:139:4:139:Infinity":80,"s:140:4:140:Infinity":81,"f:140:11:140:17":7,"s:140:17:140:Infinity":82,"s:144:2:170:Infinity":83,"f:144:12:144:18":8,"s:145:30:167:Infinity":84,"f:145:30:145:42":9,"b:146:6:149:Infinity:undefined:undefined:undefined:undefined":9,"s:146:6:149:Infinity":85,"s:147:8:147:Infinity":86,"s:148:8:148:Infinity":87,"s:151:6:166:Infinity":88,"s:152:8:152:Infinity":89,"b:156:8:158:Infinity:undefined:undefined:undefined:undefined":10,"s:156:8:158:Infinity":90,"b:156:12:156:50:156:50:156:70":11,"s:157:10:157:Infinity":91,"s:160:25:160:Infinity":92,"s:161:8:161:Infinity":93,"s:163:8:163:Infinity":94,"s:164:8:164:Infinity":95,"s:165:8:165:Infinity":96,"s:169:4:169:Infinity":97,"s:172:22:194:Infinity":98,"f:172:22:172:34":10,"s:173:4:193:Infinity":99,"s:174:6:174:Infinity":100,"b:177:6:181:Infinity:undefined:undefined:undefined:undefined":12,"s:177:6:181:Infinity":101,"b:177:10:177:53:177:53:177:71:177:71:177:100":13,"s:178:8:178:Infinity":102,"s:179:8:179:Infinity":103,"s:180:8:180:Infinity":104,"s:183:6:183:Infinity":105,"s:185:27:189:Infinity":106,"s:190:6:190:Infinity":107,"s:192:6:192:Infinity":108,"s:196:24:332:Infinity":109,"f:196:24:196:30":11,"b:198:4:263:Infinity:undefined:undefined:undefined:undefined":14,"s:198:4:263:Infinity":110,"b:200:8:201:Infinity:202:8:202:Infinity:203:8:203:Infinity:204:8:244:Infinity:245:8:260:Infinity":15,"s:199:6:262:Infinity":111,"s:201:10:201:Infinity":112,"b:205:10:243:Infinity:222:10:243:Infinity":16,"s:205:10:243:Infinity":113,"s:206:12:220:Infinity":114,"f:216:25:216:31":12,"s:217:18:217:Infinity":115,"s:218:18:218:Infinity":116,"b:222:10:243:Infinity:undefined:undefined:undefined:undefined":17,"s:222:10:243:Infinity":117,"s:224:28:226:Infinity":118,"b:225:16:225:Infinity:226:16:226:Infinity":18,"s:227:12:241:Infinity":119,"f:237:25:237:31":13,"s:238:18:238:Infinity":120,"s:239:18:239:Infinity":121,"s:244:10:244:Infinity":122,"s:246:10:260:Infinity":123,"f:256:23:256:29":14,"s:257:16:257:Infinity":124,"s:258:16:258:Infinity":125,"b:266:4:294:Infinity:undefined:undefined:undefined:undefined":19,"s:266:4:294:Infinity":126,"b:266:8:266:23:266:23:266:35":20,"b:268:6:270:Infinity:undefined:undefined:undefined:undefined":21,"s:268:6:270:Infinity":127,"s:269:8:269:Infinity":128,"b:273:6:291:Infinity:undefined:undefined:undefined:undefined":22,"s:273:6:291:Infinity":129,"b:273:10:273:44:273:44:273:71":23,"s:275:24:277:Infinity":130,"b:276:12:276:Infinity:277:12:277:Infinity":24,"b:275:24:275:58:275:58:275:Infinity":25,"s:278:8:289:Infinity":131,"f:288:21:288:27":15,"s:288:27:288:Infinity":132,"s:293:6:293:Infinity":133,"b:297:4:311:Infinity:undefined:undefined:undefined:undefined":26,"s:297:4:311:Infinity":134,"b:299:8:300:Infinity:301:8:301:Infinity:302:8:303:Infinity:304:8:305:Infinity:306:8:307:Infinity:308:8:309:Infinity":27,"s:298:6:310:Infinity":135,"s:300:10:300:Infinity":136,"s:303:10:303:Infinity":137,"s:305:10:305:Infinity":138,"s:307:10:307:Infinity":139,"s:309:10:309:Infinity":140,"b:315:6:316:Infinity:317:6:318:Infinity:319:6:320:Infinity:321:6:322:Infinity:323:6:324:Infinity:325:6:326:Infinity:327:6:328:Infinity:329:6:330:Infinity":28,"s:314:4:331:Infinity":141,"s:316:8:316:Infinity":142,"s:318:8:318:Infinity":143,"s:320:8:320:Infinity":144,"s:322:8:322:Infinity":145,"s:324:8:324:Infinity":146,"s:326:8:326:Infinity":147,"s:328:8:328:Infinity":148,"s:330:8:330:Infinity":149,"s:334:25:446:Infinity":150,"f:334:25:334:31":16,"s:335:68:338:Infinity":151,"b:341:4:420:Infinity:undefined:undefined:undefined:undefined":29,"s:341:4:420:Infinity":152,"b:343:6:356:Infinity:undefined:undefined:undefined:undefined":30,"s:343:6:356:Infinity":153,"b:344:8:355:Infinity:351:15:355:Infinity":31,"s:344:8:355:Infinity":154,"s:346:27:346:Infinity":155,"s:347:32:349:Infinity":156,"f:347:52:347:Infinity":17,"s:348:12:348:Infinity":157,"s:350:10:350:Infinity":158,"s:353:24:353:Infinity":159,"s:354:10:354:Infinity":160,"b:359:6:361:Infinity:undefined:undefined:undefined:undefined":32,"s:359:6:361:Infinity":161,"s:360:8:360:Infinity":162,"b:364:6:370:Infinity:undefined:undefined:undefined:undefined":33,"s:364:6:370:Infinity":163,"s:365:31:367:Infinity":164,"b:366:12:366:Infinity:367:12:367:Infinity":34,"s:368:8:368:Infinity":165,"s:369:8:369:Infinity":166,"b:373:6:375:Infinity:undefined:undefined:undefined:undefined":35,"s:373:6:375:Infinity":167,"s:374:8:374:Infinity":168,"b:376:6:378:Infinity:undefined:undefined:undefined:undefined":36,"s:376:6:378:Infinity":169,"s:377:8:377:Infinity":170,"b:380:6:382:Infinity:undefined:undefined:undefined:undefined":37,"s:380:6:382:Infinity":171,"s:381:8:381:Infinity":172,"b:385:6:387:Infinity:undefined:undefined:undefined:undefined":38,"s:385:6:387:Infinity":173,"s:386:8:386:Infinity":174,"b:389:6:391:Infinity:undefined:undefined:undefined:undefined":39,"s:389:6:391:Infinity":175,"s:390:8:390:Infinity":176,"b:393:6:395:Infinity:undefined:undefined:undefined:undefined":40,"s:393:6:395:Infinity":177,"s:394:8:394:Infinity":178,"b:398:6:402:Infinity:undefined:undefined:undefined:undefined":41,"s:398:6:402:Infinity":179,"s:399:23:399:Infinity":180,"s:400:28:400:Infinity":181,"b:400:90:400:107:400:107:400:108":42,"s:401:8:401:Infinity":182,"b:405:6:419:Infinity:undefined:undefined:undefined:undefined":43,"s:405:6:419:Infinity":183,"s:406:21:406:Infinity":184,"b:407:8:409:Infinity:undefined:undefined:undefined:undefined":44,"s:407:8:409:Infinity":185,"s:408:10:408:Infinity":186,"b:410:8:412:Infinity:undefined:undefined:undefined:undefined":45,"s:410:8:412:Infinity":187,"s:411:10:411:Infinity":188,"b:413:8:415:Infinity:undefined:undefined:undefined:undefined":46,"s:413:8:415:Infinity":189,"s:414:10:414:Infinity":190,"b:416:8:418:Infinity:undefined:undefined:undefined:undefined":47,"s:416:8:418:Infinity":191,"s:417:10:417:Infinity":192,"b:423:4:443:Infinity:undefined:undefined:undefined:undefined":48,"s:423:4:443:Infinity":193,"s:424:6:424:Infinity":194,"s:425:6:425:Infinity":195,"s:426:6:426:Infinity":196,"s:427:6:427:Infinity":197,"s:428:6:428:Infinity":198,"s:429:6:429:Infinity":199,"s:432:25:432:Infinity":200,"s:433:28:433:Infinity":201,"s:434:28:434:Infinity":202,"b:436:6:442:Infinity:438:6:442:Infinity":49,"s:436:6:442:Infinity":203,"s:437:8:437:Infinity":204,"b:438:6:442:Infinity:440:13:442:Infinity":50,"s:438:6:442:Infinity":205,"s:439:8:439:Infinity":206,"s:441:8:441:Infinity":207,"s:445:4:445:Infinity":208,"s:449:29:463:Infinity":209,"f:449:29:449:30":18,"b:451:4:457:Infinity:undefined:undefined:undefined:undefined":51,"s:451:4:457:Infinity":210,"s:452:18:452:Infinity":211,"s:453:16:453:Infinity":212,"s:454:16:454:Infinity":213,"s:455:16:455:Infinity":214,"s:456:6:456:Infinity":215,"b:459:4:461:Infinity:undefined:undefined:undefined:undefined":52,"s:459:4:461:Infinity":216,"s:460:6:460:Infinity":217,"s:462:4:462:Infinity":218,"s:466:25:471:Infinity":219,"f:466:25:466:26":19,"b:467:4:467:Infinity:undefined:undefined:undefined:undefined":53,"s:467:4:467:Infinity":220,"s:467:28:467:Infinity":221,"b:468:4:468:Infinity:undefined:undefined:undefined:undefined":54,"s:468:4:468:Infinity":222,"s:468:28:468:Infinity":223,"b:469:4:469:Infinity:undefined:undefined:undefined:undefined":55,"s:469:4:469:Infinity":224,"s:469:27:469:Infinity":225,"s:470:4:470:Infinity":226,"s:473:28:483:Infinity":227,"f:473:28:473:29":20,"s:474:4:474:Infinity":228,"s:475:4:475:Infinity":229,"s:476:4:476:Infinity":230,"b:477:4:482:Infinity:480:11:482:Infinity":56,"s:477:4:482:Infinity":231,"s:478:6:478:Infinity":232,"s:479:6:479:Infinity":233,"s:481:6:481:Infinity":234,"s:486:33:490:Infinity":235,"f:486:33:486:34":21,"b:487:4:487:Infinity:undefined:undefined:undefined:undefined":57,"s:487:4:487:Infinity":236,"s:487:27:487:Infinity":237,"b:488:4:488:Infinity:undefined:undefined:undefined:undefined":58,"s:488:4:488:Infinity":238,"s:488:28:488:Infinity":239,"s:489:4:489:Infinity":240,"s:492:2:531:Infinity":241,"b:510:75:510:105:510:105:510:123":59,"b:511:68:511:98:511:98:511:Infinity":60,"b:520:31:520:68:520:68:520:Infinity":61,"b:527:30:527:66:527:66:527:Infinity":62}}}
,"C:\\LocalWork\\Prj\\Q-Deck\\q-deck-launcher\\src\\components\\ConfigModal.tsx": {"path":"C:\\LocalWork\\Prj\\Q-Deck\\q-deck-launcher\\src\\components\\ConfigModal.tsx","statementMap":{"0":{"start":{"line":18,"column":55},"end":{"line":168,"column":null}},"1":{"start":{"line":30,"column":2},"end":{"line":166,"column":null}},"2":{"start":{"line":39,"column":12},"end":{"line":39,"column":null}},"3":{"start":{"line":40,"column":12},"end":{"line":40,"column":null}},"4":{"start":{"line":48,"column":28},"end":{"line":48,"column":null}},"5":{"start":{"line":50,"column":14},"end":{"line":54,"column":null}},"6":{"start":{"line":51,"column":16},"end":{"line":51,"column":null}},"7":{"start":{"line":52,"column":16},"end":{"line":52,"column":null}},"8":{"start":{"line":53,"column":16},"end":{"line":53,"column":null}},"9":{"start":{"line":63,"column":18},"end":{"line":63,"column":null}},"10":{"start":{"line":64,"column":18},"end":{"line":64,"column":null}},"11":{"start":{"line":65,"column":18},"end":{"line":65,"column":null}},"12":{"start":{"line":66,"column":18},"end":{"line":66,"column":null}},"13":{"start":{"line":86,"column":20},"end":{"line":101,"column":null}},"14":{"start":{"line":94,"column":24},"end":{"line":94,"column":null}},"15":{"start":{"line":95,"column":24},"end":{"line":95,"column":null}},"16":{"start":{"line":96,"column":24},"end":{"line":96,"column":null}},"17":{"start":{"line":97,"column":24},"end":{"line":97,"column":null}},"18":{"start":{"line":118,"column":20},"end":{"line":131,"column":null}},"19":{"start":{"line":123,"column":24},"end":{"line":123,"column":null}},"20":{"start":{"line":124,"column":24},"end":{"line":124,"column":null}},"21":{"start":{"line":125,"column":24},"end":{"line":125,"column":null}},"22":{"start":{"line":126,"column":24},"end":{"line":126,"column":null}},"23":{"start":{"line":139,"column":16},"end":{"line":139,"column":null}},"24":{"start":{"line":140,"column":16},"end":{"line":140,"column":null}},"25":{"start":{"line":141,"column":16},"end":{"line":141,"column":null}},"26":{"start":{"line":142,"column":16},"end":{"line":142,"column":null}},"27":{"start":{"line":147,"column":16},"end":{"line":147,"column":null}},"28":{"start":{"line":148,"column":16},"end":{"line":148,"column":null}},"29":{"start":{"line":149,"column":16},"end":{"line":149,"column":null}},"30":{"start":{"line":150,"column":16},"end":{"line":150,"column":null}},"31":{"start":{"line":155,"column":16},"end":{"line":155,"column":null}},"32":{"start":{"line":156,"column":16},"end":{"line":156,"column":null}},"33":{"start":{"line":157,"column":16},"end":{"line":157,"column":null}},"34":{"start":{"line":158,"column":16},"end":{"line":158,"column":null}}},"fnMap":{"0":{"name":"(anonymous_0)","decl":{"start":{"line":18,"column":55},"end":{"line":18,"column":56}},"loc":{"start":{"line":29,"column":6},"end":{"line":168,"column":null}},"line":29},"1":{"name":"(anonymous_1)","decl":{"start":{"line":38,"column":19},"end":{"line":38,"column":25}},"loc":{"start":{"line":38,"column":25},"end":{"line":41,"column":null}},"line":38},"2":{"name":"(anonymous_2)","decl":{"start":{"line":48,"column":21},"end":{"line":48,"column":22}},"loc":{"start":{"line":48,"column":28},"end":{"line":48,"column":null}},"line":48},"3":{"name":"(anonymous_3)","decl":{"start":{"line":49,"column":23},"end":{"line":49,"column":24}},"loc":{"start":{"line":49,"column":30},"end":{"line":55,"column":null}},"line":49},"4":{"name":"(anonymous_4)","decl":{"start":{"line":62,"column":25},"end":{"line":62,"column":26}},"loc":{"start":{"line":62,"column":32},"end":{"line":67,"column":null}},"line":62},"5":{"name":"(anonymous_5)","decl":{"start":{"line":85,"column":24},"end":{"line":85,"column":25}},"loc":{"start":{"line":86,"column":20},"end":{"line":101,"column":null}},"line":86},"6":{"name":"(anonymous_6)","decl":{"start":{"line":93,"column":31},"end":{"line":93,"column":32}},"loc":{"start":{"line":93,"column":38},"end":{"line":98,"column":null}},"line":93},"7":{"name":"(anonymous_7)","decl":{"start":{"line":117,"column":24},"end":{"line":117,"column":25}},"loc":{"start":{"line":118,"column":20},"end":{"line":131,"column":null}},"line":118},"8":{"name":"(anonymous_8)","decl":{"start":{"line":122,"column":31},"end":{"line":122,"column":32}},"loc":{"start":{"line":122,"column":38},"end":{"line":127,"column":null}},"line":122},"9":{"name":"(anonymous_9)","decl":{"start":{"line":138,"column":55},"end":{"line":138,"column":56}},"loc":{"start":{"line":138,"column":62},"end":{"line":143,"column":17}},"line":138},"10":{"name":"(anonymous_10)","decl":{"start":{"line":146,"column":57},"end":{"line":146,"column":58}},"loc":{"start":{"line":146,"column":64},"end":{"line":151,"column":17}},"line":146},"11":{"name":"(anonymous
[...]
l}},{"start":{"line":42,"column":6},"end":{"line":48,"column":null}}],"line":39},"5":{"loc":{"start":{"line":39,"column":17},"end":{"line":39,"column":97}},"type":"binary-expr","locations":[{"start":{"line":39,"column":17},"end":{"line":39,"column":47}},{"start":{"line":39,"column":47},"end":{"line":39,"column":83}},{"start":{"line":39,"column":83},"end":{"line":39,"column":97}}],"line":39},"6":{"loc":{"start":{"line":42,"column":6},"end":{"line":48,"column":null}},"type":"if","locations":[{"start":{"line":42,"column":6},"end":{"line":48,"column":null}},{"start":{"line":45,"column":6},"end":{"line":48,"column":null}}],"line":42},"7":{"loc":{"start":{"line":42,"column":17},"end":{"line":42,"column":97}},"type":"binary-expr","locations":[{"start":{"line":42,"column":17},"end":{"line":42,"column":43}},{"start":{"line":42,"column":43},"end":{"line":42,"column":83}},{"start":{"line":42,"column":83},"end":{"line":42,"column":97}}],"line":42},"8":{"loc":{"start":{"line":45,"column":6},"end":{"line":48,"column":null}},"type":"if","locations":[{"start":{"line":45,"column":6},"end":{"line":48,"column":null}},{"start":{},"end":{}}],"line":45},"9":{"loc":{"start":{"line":45,"column":17},"end":{"line":45,"column":95}},"type":"binary-expr","locations":[{"start":{"line":45,"column":17},"end":{"line":45,"column":45}},{"start":{"line":45,"column":45},"end":{"line":45,"column":81}},{"start":{"line":45,"column":81},"end":{"line":45,"column":95}}],"line":45},"10":{"loc":{"start":{"line":79,"column":2},"end":{"line":85,"column":null}},"type":"if","locations":[{"start":{"line":79,"column":2},"end":{"line":85,"column":null}},{"start":{},"end":{}}],"line":79},"11":{"loc":{"start":{"line":79,"column":6},"end":{"line":79,"column":35}},"type":"binary-expr","locations":[{"start":{"line":79,"column":6},"end":{"line":79,"column":19}},{"start":{"line":79,"column":19},"end":{"line":79,"column":35}}],"line":79},"12":{"loc":{"start":{"line":87,"column":2},"end":{"line":95,"column":null}},"type":"if","locations":[{"start":{"line":87,"column":2},"end":{"line":95,"column":null}},{"start":{},"end":{}}],"line":87},"13":{"loc":{"start":{"line":99,"column":7},"end":{"line":150,"column":null}},"type":"binary-expr","locations":[{"start":{"line":99,"column":7},"end":{"line":99,"column":17}},{"start":{"line":99,"column":17},"end":{"line":99,"column":35}},{"start":{"line":99,"column":35},"end":{"line":99,"column":null}},{"start":{"line":100,"column":8},"end":{"line":150,"column":null}}],"line":99},"14":{"loc":{"start":{"line":115,"column":11},"end":{"line":141,"column":null}},"type":"binary-expr","locations":[{"start":{"line":115,"column":11},"end":{"line":115,"column":32}},{"start":{"line":115,"column":32},"end":{"line":115,"column":null}},{"start":{"line":116,"column":12},"end":{"line":141,"column":null}}],"line":115}},"s":{"0":19,"1":19,"2":19,"3":19,"4":19,"5":10,"6":19,"7":19,"8":5,"9":1,"10":1,"11":1,"12":4,"13":1,"14":1,"15":3,"16":1,"17":1,"18":2,"19":1,"20":1,"21":1,"22":1,"23":1,"24":19,"25":19,"26":19,"27":19,"28":10,"29":10,"30":10,"31":0,"32":10,"33":19,"34":0,"35":0,"36":0,"37":19,"38":10,"39":9,"40":0,"41":9,"42":0},"f":{"0":19,"1":10,"2":19,"3":5,"4":19,"5":10,"6":0,"7":0},"b":{"0":[1,4],"1":[5,1],"2":[1,3],"3":[4,1,1],"4":[1,2],"5":[3,1,1],"6":[1,1],"7":[2,1,1],"8":[1,0],"9":[1,1,1],"10":[10,9],"11":[19,9],"12":[0,9],"13":[9,9,9,9],"14":[9,9,7]},"meta":{"lastBranch":15,"lastFunction":8,"lastStatement":43,"seen":{"f:9:9:9:19":0,"s:10:26:10:Infinity":0,"s:11:32:11:Infinity":1,"s:12:36:12:Infinity":2,"s:21:2:21:Infinity":3,"s:23:2:25:Infinity":4,"f:23:12:23:18":1,"s:24:4:24:Infinity":5,"s:28:2:57:Infinity":6,"f:28:12:28:18":2,"s:29:26:49:Infinity":7,"f:29:26:29:33":3,"b:31:6:48:Infinity:36:6:48:Infinity":0,"s:31:6:48:Infinity":8,"b:31:10:31:36:31:36:31:50":1,"s:32:8:32:Infinity":9,"s:33:8:33:Infinity":10,"s:35:8:35:Infinity":11,"b:36:6:48:Infinity:39:6:48:Infinity":2,"s:36:6:48:Infinity":12,"b:36:17:36:46:36:46:36:86:36:86:36:100":3,"s:37:8:37:Infinity":13,"s:38:8:38:Infinity":14,"b:39:6:48:Infinity:42:6:48:Infinity":4,"s:39:6:48:Infinity":15,"b:39:17:39:47:39:47:39:83:39:83:39:97":5,"s:40:8:40:Infinity":16,"s:41:8:41:Infinity":17,"b:42:6:48:Infinity:45:6:48:Infinity":6,"s:42:6:48:Infinity":18,"b:42:17:42:43:42:43:42:83:42:83:42:97":7,"s:43:8:43:Infinity":19,"s:44:8:44:Infinity":20,"b:45:6:48:Infinity:undefined:undefined:undefined:undefined":8,"s:45:6:48:Infinity":21,"b:45:17:45:45:45:45:45:81:45:81:45:95":9,"s:46:8:46:Infinity":22,"s:47:8:47:Infinity":23,"s:51:4:51:Infinity":24,"s:54:4:56:Infinity":25,"f:54:11:54:17":4,"s:55:6:55:Infinity":26,"s:59:21:68:Infinity":27,"f:59:21:59:33":5,"s:60:4:67:Infinity":28,"s:61:27:61:Infinity":29,"s:62:6:62:Infinity":30,"s:64:6:64:Infinity":31,"s:66:6:66:Infinity":32,"s:70:28:77:Infinity":33,"f:70:28:70:40":6,"s:71:4:76:Infinity":34,"s:73:6:73:Infinity":35,"s:75:6:75:Infinity":36,"b:79:2:85:Infinity:undefined:undefined:undefined:undefined":10,"s:79:2:85:Infinity":37,"b:79:6:79:19:79:19:79:35":11,"s:80:4:83:Infinity":38,"b:87:2:95:Infinity:undefined:undefined:undefined:undefined":12,"s:87:2:95:Infinity":39,"s:88:4:93:Infinity":40,"s:97:2:152:Infinity":41,"f:98:54:98:55":7,"s:98:61:98:Infinity":42,"b:99:7:99:17:99:17:99:35:99:35:99:Infinity:100:8:150:Infinity":13,"b:115:11:115:32:115:32:115:Infinity:116:12:141:Infinity":14}}}
,"C:\\LocalWork\\Prj\\Q-Deck\\q-deck-launcher\\src\\utils\\configOperations.ts": {"path":"C:\\LocalWork\\Prj\\Q-Deck\\q-deck-launcher\\src\\utils\\configOperations.ts","statementMap":{"0":{"start":{"line":7,"column":34},"end":{"line":27,"column":null}},"1":{"start":{"line":8,"column":2},"end":{"line":8,"column":null}},"2":{"start":{"line":10,"column":2},"end":{"line":26,"column":null}},"3":{"start":{"line":12,"column":6},"end":{"line":12,"column":null}},"4":{"start":{"line":13,"column":6},"end":{"line":13,"column":null}},"5":{"start":{"line":16,"column":6},"end":{"line":16,"column":null}},"6":{"start":{"line":17,"column":6},"end":{"line":17,"column":null}},"7":{"start":{"line":19,"column":6},"end":{"line":19,"column":null}},"8":{"start":{"line":20,"column":6},"end":{"line":20,"column":null}},"9":{"start":{"line":22,"column":6},"end":{"line":22,"column":null}},"10":{"start":{"line":23,"column":6},"end":{"line":23,"column":null}},"11":{"start":{"line":25,"column":6},"end":{"line":25,"column":null}},"12":{"start":{"line":32,"column":31},"end":{"line":34,"column":null}},"13":{"start":{"line":33,"column":2},"end":{"line":33,"column":null}}},"fnMap":{"0":{"name":"(anonymous_0)","decl":{"start":{"line":7,"column":34},"end":{"line":7,"column":35}},"loc":{"start":{"line":7,"column":78},"end":{"line":27,"column":null}},"line":7},"1":{"name":"(anonymous_1)","decl":{"start":{"line":32,"column":31},"end":{"line":32,"column":37}},"loc":{"start":{"line":32,"column":37},"end":{"line":34,"column":null}},"line":32}},"branchMap":{"0":{"loc":{"start":{"line":10,"column":2},"end":{"line":26,"column":null}},"type":"switch","locations":[{"start":{"line":11,"column":4},"end":{"line":13,"column":null}},{"start":{"line":14,"column":4},"end":{"line":14,"column":null}},{"start":{"line":15,"column":4},"end":{"line":17,"column":null}},{"start":{"line":18,"column":4},"end":{"line":20,"column":null}},{"start":{"line":21,"column":4},"end":{"line":23,"column":null}},{"start":{"line":24,"column":4},"end":{"line":25,"column":null}}],"line":10}},"s":{"0":4,"1":0,"2":0,"3":0,"4":0,"5":0,"6":0,"7":0,"8":0,"9":0,"10":0,"11":0,"12":4,"13":0},"f":{"0":0,"1":0},"b":{"0":[0,0,0,0,0,0]},"meta":{"lastBranch":1,"lastFunction":2,"lastStatement":14,"seen":{"s:7:34:27:Infinity":0,"f:7:34:7:35":0,"s:8:2:8:Infinity":1,"b:11:4:13:Infinity:14:4:14:Infinity:15:4:17:Infinity:18:4:20:Infinity:21:4:23:Infinity:24:4:25:Infinity":0,"s:10:2:26:Infinity":2,"s:12:6:12:Infinity":3,"s:13:6:13:Infinity":4,"s:16:6:16:Infinity":5,"s:17:6:17:Infinity":6,"s:19:6:19:Infinity":7,"s:20:6:20:Infinity":8,"s:22:6:22:Infinity":9,"s:23:6:23:Infinity":10,"s:25:6:25:Infinity":11,"s:32:31:34:Infinity":12,"f:32:31:32:37":1,"s:33:2:33:Infinity":13}}}
,"C:\\LocalWork\\Prj\\Q-Deck\\q-deck-launcher\\src\\utils\\dropPositionCalculator.ts": {"path":"C:\\LocalWork\\Prj\\Q-Deck\\q-deck-launcher\\src\\utils\\dropPositionCalculator.ts","statementMap":{"0":{"start":{"line":11,"column":37},"end":{"line":55,"column":null}},"1":{"start":{"line":15,"column":22},"end":{"line":15,"column":null}},"2":{"start":{"line":16,"column":2},"end":{"line":19,"column":null}},"3":{"start":{"line":17,"column":4},"end":{"line":17,"column":null}},"4":{"start":{"line":18,"column":4},"end":{"line":18,"column":null}},"5":{"start":{"line":22,"column":19},"end":{"line":22,"column":null}},"6":{"start":{"line":25,"column":2},"end":{"line":33,"column":null}},"7":{"start":{"line":31,"column":4},"end":{"line":31,"column":null}},"8":{"start":{"line":32,"column":4},"end":{"line":32,"column":null}},"9":{"start":{"line":36,"column":20},"end":{"line":36,"column":null}},"10":{"start":{"line":38,"column":2},"end":{"line":51,"column":null}},"11":{"start":{"line":39,"column":17},"end":{"line":39,"column":null}},"12":{"start":{"line":40,"column":4},"end":{"line":50,"column":null}},"13":{"start":{"line":46,"column":18},"end":{"line":46,"column":null}},"14":{"start":{"line":47,"column":18},"end":{"line":47,"column":null}},"15":{"start":{"line":48,"column":6},"end":{"line":48,"column":null}},"16":{"start":{"line":49,"column":6},"end":{"line":49,"column":null}},"17":{"start":{"line":53,"column":2},"end":{"line":53,"column":null}},"18":{"start":{"line":54,"column":2},"end":{"line":54,"column":null}},"19":{"start":{"line":65,"column":35},"end":{"line":80,"column":null}},"20":{"start":{"line":70,"column":2},"end":{"line":72,"column":null}},"21":{"start":{"line":71,"column":4},"end":{"line":71,"column":null}},"22":{"start":{"line":74,"column":2},"end":{"line":78,"column":null}}},"fnMap":{"0":{"name":"(anonymous_0)","decl":{"start":{"line":11,"column":37},"end":{"line":11,"column":null}},"loc":{"start":{"line":14,"column":42},"end":{"line":55,"column":null}},"line":14},"1":{"name":"(anonymous_1)","decl":{"start":{"line":65,"column":35},"end":{"line":65,"column":null}},"loc":{"start":{"line":69,"column":14},"end":{"line":80,"column":null}},"line":69}},"branchMap":{"0":{"loc":{"start":{"line":16,"column":2},"end":{"line":19,"column":null}},"type":"if","locations":[{"start":{"line":16,"column":2},"end":{"line":19,"column":null}},{"start":{},"end":{}}],"line":16},"1":{"loc":{"start":{"line":25,"column":2},"end":{"line":33,"column":null}},"type":"if","locations":[{"start":{"line":25,"column":2},"end":{"line":33,"column":null}},{"start":{},"end":{}}],"line":25},"2":{"loc":{"start":{"line":26,"column":4},"end":{"line":29,"column":null}},"type":"binary-expr","locations":[{"start":{"line":26,"column":4},"end":{"line":26,"column":null}},{"start":{"line":27,"column":4},"end":{"line":27,"column":null}},{"start":{"line":28,"column":4},"end":{"line":28,"column":null}},{"start":{"line":29,"column":4},"end":{"line":29,"column":null}}],"line":26},"3":{"loc":{"start":{"line":40,"column":4},"end":{"line":50,"column":null}},"type":"if","locations":[{"start":{"line":40,"column":4},"end":{"line":50,"column":null}},{"start":{},"end":{}}],"line":40},"4":{"loc":{"start":{"line":41,"column":6},"end":{"line":44,"column":null}},"type":"binary-expr","locations":[{"start":{"line":41,"column":6},"end":{"line":41,"column":null}},{"start":{"line":42,"column":6},"end":{"line":42,"column":null}},{"start":{"line":43,"column":6},"end":{"line":43,"column":null}},{"start":{"line":44,"column":6},"end":{"line":44,"column":null}}],"line":41},"5":{"loc":{"start":{"line":46,"column":28},"end":{"line":46,"column":67}},"type":"binary-expr","locations":[{"start":{"line":46,"column":28},"end":{"line":46,"column":64}},{"start":{"line":46,"column":64},"end":{"line":46,"column":67}}],"line":46},"6":{"loc":{"start":{"line":47,"column":28},"end":{"line":47,"column":67}},"type":"binary-expr","locations":[{"start":{"line":47,"column":28},"end":{"line":47,"column":64}},{"start":{"line":47,"column":64},"end":{"line":47,"column":67}}],"line":47},"7":{"loc":{"start":{"line":70,"column":2},"end":{"line":72,"column":null}},"type":"if","locations":[{"start":{"line":70,"column":2},"end":{"line":72,"column":null}},{"start":{},"end":{}}],"line":70},"8":{"loc":{"start":{"line":75,"column":4},"end":{"line":78,"column":null}},"type":"binary-expr","locations":[{"start":{"line":75,"column":4},"end":{"line":75,"column":null}},{"start":{"line":76,"column":4},"end":{"line":76,"column":null}},{"start":{"line":77,"column":4},"end":{"line":77,"column":null}},{"start":{"line":78,"column":4},"end":{"line":78,"column":null}}],"line":75}},"s":{"0":2,"1":0,"2":0,"3":0,"4":0,"5":0,"6":0,"7":0,"8":0,"9":0,"10":0,"11":0,"12":0,"13":0,"14":0,"15":0,"16":0,"17":0,"18":0,"19":2,"20":0,"21":0,"22":0},"f":{"0":0,"1":0},"b":{"0":[0,0],"1":[0,0],"2":[0,0,0,0],"3":[0,0],"4":[0,0,0,0],"5":[0,0],"6":[0,0],"7":[0,0],"8":[0,0,0,0]},"meta":{"lastBranch":9,"lastFunction":2,"lastStatement":23,"seen":{"s:11:37:55:Infinity":0,"f:11:37:11:Infinity":0,"s:15:22:15:Infinity":1,"b:16:2:19:Infinity:undefined:undefined:undefined:undefined":0,"s:16:2:19:Infinity":2,"s:17:4:17:Infinity":3,"s:18:4:18:Infinity":4,"s:22:19:22:Infinity":5,"b:25:2:33:Infinity:undefined:undefined:undefined:undefined":1,"s:25:2:33:Infinity":6,"b:26:4:26:Infinity:27:4:27:Infinity:28:4:28:Infinity:29:4:29:Infinity":2,"s:31:4:31:Infinity":7,"s:32:4:32:Infinity":8,"s:36:20:36:Infinity":9,"s:38:2:51:Infinity":10,"s:39:17:39:Infinity":11,"b:40:4:50:Infinity:undefined:undefined:undefined:undefined":3,"s:40:4:50:Infinity":12,"b:41:6:41:Infinity:42:6:42:Infinity:43:6:43:Infinity:44:6:44:Infinity":4,"s:46:18:46:Infinity":13,"b:46:28:46:64:46:64:46:67":5,"s:47:18:47:Infinity":14,"b:47:28:47:64:47:64:47:67":6,"s:48:6:48:Infinity":15,"s:49:6:49:Infinity":16,"s:53:2:53:Infinity":17,"s:54:2:54:Infinity":18,"s:65:35:80:Infinity":19,"f:65:35:65:Infinity":1,"b:70:2:72:Infinity:undefined:undefined:undefined:undefined":7,"s:70:2:72:Infinity":20,"s:71:4:71:Infinity":21,"s:74:2:78:Infinity":22,"b:75:4:75:Infinity:76:4:76:Infinity:77:4:77:Infinity:78:4:78:Infinity":8}}}
,"C:\\LocalWork\\Prj\\Q-Deck\\q-deck-launcher\\src\\utils\\gridCalculations.ts": {"path":"C:\\LocalWork\\Prj\\Q-Deck\\q-deck-launcher\\src\\utils\\gridCalculations.ts","statementMap":{"0":{"start":{"line":13,"column":31},"end":{"line":29,"column":null}},"1":{"start":{"line":14,"column":2},"end":{"line":28,"column":null}},"2":{"start":{"line":15,"column":16},"end":{"line":15,"column":null}},"3":{"start":{"line":16,"column":17},"end":{"line":16,"column":null}},"4":{"start":{"line":18,"column":19},"end":{"line":20,"column":null}},"5":{"start":{"line":19,"column":13},"end":{"line":19,"column":null}},"6":{"start":{"line":22,"column":4},"end":{"line":27,"column":null}},"7":{"start":{"line":34,"column":30},"end":{"line":39,"column":null}},"8":{"start":{"line":35,"column":2},"end":{"line":35,"column":null}},"9":{"start":{"line":35,"column":26},"end":{"line":35,"column":null}},"10":{"start":{"line":36,"column":2},"end":{"line":36,"column":null}},"11":{"start":{"line":36,"column":26},"end":{"line":36,"column":null}},"12":{"start":{"line":37,"column":2},"end":{"line":37,"column":null}},"13":{"start":{"line":37,"column":25},"end":{"line":37,"column":null}},"14":{"start":{"line":38,"column":2},"end":{"line":38,"column":null}}},"fnMap":{"0":{"name":"(anonymous_0)","decl":{"start":{"line":13,"column":31},"end":{"line":13,"column":32}},"loc":{"start":{"line":13,"column":59},"end":{"line":29,"column":null}},"line":13},"1":{"name":"(anonymous_1)","decl":{"start":{"line":14,"column":55},"end":{"line":14,"column":56}},"loc":{"start":{"line":14,"column":69},"end":{"line":28,"column":3}},"line":14},"2":{"name":"(anonymous_2)","decl":{"start":{"line":19,"column":6},"end":{"line":19,"column":13}},"loc":{"start":{"line":19,"column":13},"end":{"line":19,"column":null}},"line":19},"3":{"name":"(anonymous_3)","decl":{"start":{"line":34,"column":30},"end":{"line":34,"column":31}},"loc":{"start":{"line":34,"column":62},"end":{"line":39,"column":null}},"line":34}},"branchMap":{"0":{"loc":{"start":{"line":19,"column":13},"end":{"line":19,"column":null}},"type":"binary-expr","locations":[{"start":{"line":19,"column":13},"end":{"line":19,"column":41}},{"start":{"line":19,"column":41},"end":{"line":19,"column":null}}],"line":19},"1":{"loc":{"start":{"line":35,"column":2},"end":{"line":35,"column":null}},"type":"if","locations":[{"start":{"line":35,"column":2},"end":{"line":35,"column":null}},{"start":{},"end":{}}],"line":35},"2":{"loc":{"start":{"line":36,"column":2},"end":{"line":36,"column":null}},"type":"if","locations":[{"start":{"line":36,"column":2},"end":{"line":36,"column":null}},{"start":{},"end":{}}],"line":36},"3":{"loc":{"start":{"line":37,"column":2},"end":{"line":37,"column":null}},"type":"if","locations":[{"start":{"line":37,"column":2},"end":{"line":37,"column":null}},{"start":{},"end":{}}],"line":37}},"s":{"0":4,"1":109,"2":1962,"3":1962,"4":1962,"5":3815,"6":1962,"7":4,"8":0,"9":0,"10":0,"11":0,"12":0,"13":0,"14":0},"f":{"0":109,"1":1962,"2":3815,"3":0},"b":{"0":[3815,1199],"1":[0,0],"2":[0,0],"3":[0,0]},"meta":{"lastBranch":4,"lastFunction":4,"lastStatement":15,"seen":{"s:13:31:29:Infinity":0,"f:13:31:13:32":0,"s:14:2:28:Infinity":1,"f:14:55:14:56":1,"s:15:16:15:Infinity":2,"s:16:17:16:Infinity":3,"s:18:19:20:Infinity":4,"f:19:6:19:13":2,"s:19:13:19:Infinity":5,"b:19:13:19:41:19:41:19:Infinity":0,"s:22:4:27:Infinity":6,"s:34:30:39:Infinity":7,"f:34:30:34:31":3,"b:35:2:35:Infinity:undefined:undefined:undefined:undefined":1,"s:35:2:35:Infinity":8,"s:35:26:35:Infinity":9,"b:36:2:36:Infinity:undefined:undefined:undefined:undefined":2,"s:36:2:36:Infinity":10,"s:36:26:36:Infinity":11,"b:37:2:37:Infinity:undefined:undefined:undefined:undefined":3,"s:37:2:37:Infinity":12,"s:37:25:37:Infinity":13,"s:38:2:38:Infinity":14}}}
,"C:\\LocalWork\\Prj\\Q-Deck\\q-deck-launcher\\src\\utils\\logger.ts": {"path":"C:\\LocalWork\\Prj\\Q-Deck\\q-deck-launcher\\src\\utils\\logger.ts","statementMap":{"0":{"start":{"line":10,"column":22},"end":{"line":10,"column":null}},"1":{"start":{"line":12,"column":22},"end":{"line":35,"column":null}},"2":{"start":{"line":17,"column":4},"end":{"line":19,"column":null}},"3":{"start":{"line":18,"column":6},"end":{"line":18,"column":null}},"4":{"start":{"line":26,"column":4},"end":{"line":26,"column":null}},"5":{"start":{"line":33,"column":4},"end":{"line":33,"column":null}}},"fnMap":{"0":{"name":"(anonymous_0)","decl":{"start":{"line":16,"column":7},"end":{"line":16,"column":11}},"loc":{"start":{"line":16,"column":31},"end":{"line":20,"column":null}},"line":16},"1":{"name":"(anonymous_1)","decl":{"start":{"line":25,"column":8},"end":{"line":25,"column":12}},"loc":{"start":{"line":25,"column":32},"end":{"line":27,"column":null}},"line":25},"2":{"name":"(anonymous_2)","decl":{"start":{"line":32,"column":9},"end":{"line":32,"column":13}},"loc":{"start":{"line":32,"column":33},"end":{"line":34,"column":null}},"line":32}},"branchMap":{"0":{"loc":{"start":{"line":10,"column":22},"end":{"line":10,"column":null}},"type":"binary-expr","locations":[{"start":{"line":10,"column":22},"end":{"line":10,"column":45}},{"start":{"line":10,"column":45},"end":{"line":10,"column":null}}],"line":10},"1":{"loc":{"start":{"line":17,"column":4},"end":{"line":19,"column":null}},"type":"if","locations":[{"start":{"line":17,"column":4},"end":{"line":19,"column":null}},{"start":{},"end":{}}],"line":17}},"s":{"0":7,"1":7,"2":55,"3":55,"4":3,"5":1},"f":{"0":55,"1":3,"2":1},"b":{"0":[7,0],"1":[55,0]},"meta":{"lastBranch":2,"lastFunction":3,"lastStatement":6,"seen":{"s:10:22:10:Infinity":0,"b:10:22:10:45:10:45:10:Infinity":0,"s:12:22:35:Infinity":1,"f:16:7:16:11":0,"b:17:4:19:Infinity:undefined:undefined:undefined:undefined":1,"s:17:4:19:Infinity":2,"s:18:6:18:Infinity":3,"f:25:8:25:12":1,"s:26:4:26:Infinity":4,"f:32:9:32:13":2,"s:33:4:33:Infinity":5}}}
}
